CRITICAL - 2023-09-29 13:50:10 --> Array to string conversion
in APPPATH\Views\MainMusic.php on line 113.
 1 APPPATH\Views\MainMusic.php(113): CodeIgniter\Debug\Exceptions->errorHandler(2, 'Array to string conversion', 'C:\\laragon\\www\\Lab2Music\\app\\Views\\MainMusic.php', 113)
 2 SYSTEMPATH\View\View.php(226): include('C:\\laragon\\www\\Lab2Music\\app\\Views\\MainMusic.php')
 3 SYSTEMPATH\View\View.php(229): CodeIgniter\View\View->CodeIgniter\View\{closure}()
 4 SYSTEMPATH\Common.php(1188): CodeIgniter\View\View->render('MainMusic', [], true)
 5 APPPATH\Controllers\MusicController.php(28): view('MainMusic', [...])
 6 SYSTEMPATH\CodeIgniter.php(919): App\Controllers\MusicController->index()
 7 SYSTEMPATH\CodeIgniter.php(494): CodeIgniter\CodeIgniter->runController(Object(App\Controllers\MusicController))
 8 SYSTEMPATH\CodeIgniter.php(353): CodeIgniter\CodeIgniter->handleRequest(null, Object(Config\Cache), false)
 9 FCPATH\index.php(79): CodeIgniter\CodeIgniter->run()
10 SYSTEMPATH\Commands\Server\rewrite.php(47): require_once('C:\\laragon\\www\\Lab2Music\\public\\index.php')
CRITICAL - 2023-09-29 13:52:43 --> Undefined variable $play
in APPPATH\Views\MainMusic.php on line 113.
 1 APPPATH\Views\MainMusic.php(113): CodeIgniter\Debug\Exceptions->errorHandler(2, 'Undefined variable $play', 'C:\\laragon\\www\\Lab2Music\\app\\Views\\MainMusic.php', 113)
 2 SYSTEMPATH\View\View.php(226): include('C:\\laragon\\www\\Lab2Music\\app\\Views\\MainMusic.php')
 3 SYSTEMPATH\View\View.php(229): CodeIgniter\View\View->CodeIgniter\View\{closure}()
 4 SYSTEMPATH\Common.php(1188): CodeIgniter\View\View->render('MainMusic', [], true)
 5 APPPATH\Controllers\MusicController.php(28): view('MainMusic', [...])
 6 SYSTEMPATH\CodeIgniter.php(919): App\Controllers\MusicController->index()
 7 SYSTEMPATH\CodeIgniter.php(494): CodeIgniter\CodeIgniter->runController(Object(App\Controllers\MusicController))
 8 SYSTEMPATH\CodeIgniter.php(353): CodeIgniter\CodeIgniter->handleRequest(null, Object(Config\Cache), false)
 9 FCPATH\index.php(79): CodeIgniter\CodeIgniter->run()
10 SYSTEMPATH\Commands\Server\rewrite.php(47): require_once('C:\\laragon\\www\\Lab2Music\\public\\index.php')
