CRITICAL - 2023-09-24 08:45:29 --> Invalid file: "MusicMain.php"
in SYSTEMPATH\Exceptions\FrameworkException.php on line 39.
 1 SYSTEMPATH\View\View.php(214): CodeIgniter\Exceptions\FrameworkException::forInvalidFile('MusicMain.php')
 2 SYSTEMPATH\Common.php(1188): CodeIgniter\View\View->render('MusicMain', [], true)
 3 APPPATH\Controllers\MusicController.php(29): view('MusicMain')
 4 SYSTEMPATH\CodeIgniter.php(919): App\Controllers\MusicController->upload()
 5 SYSTEMPATH\CodeIgniter.php(494): CodeIgniter\CodeIgniter->runController(Object(App\Controllers\MusicController))
 6 SYSTEMPATH\CodeIgniter.php(353): CodeIgniter\CodeIgniter->handleRequest(null, Object(Config\Cache), false)
 7 FCPATH\index.php(79): CodeIgniter\CodeIgniter->run()
 8 SYSTEMPATH\Commands\Server\rewrite.php(47): require_once('C:\\laragon\\www\\MusicPlayer\\public\\index.php')
CRITICAL - 2023-09-24 08:46:41 --> Invalid file: "MusicMain.php"
in SYSTEMPATH\Exceptions\FrameworkException.php on line 39.
 1 SYSTEMPATH\View\View.php(214): CodeIgniter\Exceptions\FrameworkException::forInvalidFile('MusicMain.php')
 2 SYSTEMPATH\Common.php(1188): CodeIgniter\View\View->render('MusicMain', [], true)
 3 APPPATH\Controllers\MusicController.php(29): view('MusicMain')
 4 SYSTEMPATH\CodeIgniter.php(919): App\Controllers\MusicController->upload()
 5 SYSTEMPATH\CodeIgniter.php(494): CodeIgniter\CodeIgniter->runController(Object(App\Controllers\MusicController))
 6 SYSTEMPATH\CodeIgniter.php(353): CodeIgniter\CodeIgniter->handleRequest(null, Object(Config\Cache), false)
 7 FCPATH\index.php(79): CodeIgniter\CodeIgniter->run()
 8 SYSTEMPATH\Commands\Server\rewrite.php(47): require_once('C:\\laragon\\www\\MusicPlayer\\public\\index.php')
ERROR - 2023-09-24 09:11:03 --> mysqli_sql_exception: Unknown column 'title' in 'field list' in C:\laragon\www\MusicPlayer\system\Database\MySQLi\Connection.php:306
Stack trace:
#0 C:\laragon\www\MusicPlayer\system\Database\MySQLi\Connection.php(306): mysqli->query('INSERT INTO `mu...', 0)
#1 C:\laragon\www\MusicPlayer\system\Database\BaseConnection.php(692): CodeIgniter\Database\MySQLi\Connection->execute('INSERT INTO `mu...')
#2 C:\laragon\www\MusicPlayer\system\Database\BaseConnection.php(606): CodeIgniter\Database\BaseConnection->simpleQuery('INSERT INTO `mu...')
#3 C:\laragon\www\MusicPlayer\system\Database\BaseBuilder.php(2308): CodeIgniter\Database\BaseConnection->query('INSERT INTO `mu...', Array, false)
#4 C:\laragon\www\MusicPlayer\system\Model.php(319): CodeIgniter\Database\BaseBuilder->insert()
#5 C:\laragon\www\MusicPlayer\system\BaseModel.php(788): CodeIgniter\Model->doInsert(Array)
#6 C:\laragon\www\MusicPlayer\system\Model.php(715): CodeIgniter\BaseModel->insert(Array, true)
#7 C:\laragon\www\MusicPlayer\app\Controllers\MusicController.php(26): CodeIgniter\Model->insert(Array)
#8 C:\laragon\www\MusicPlayer\system\CodeIgniter.php(919): App\Controllers\MusicController->upload()
#9 C:\laragon\www\MusicPlayer\system\CodeIgniter.php(494): CodeIgniter\CodeIgniter->runController(Object(App\Controllers\MusicController))
#10 C:\laragon\www\MusicPlayer\system\CodeIgniter.php(353): CodeIgniter\CodeIgniter->handleRequest(NULL, Object(Config\Cache), false)
#11 C:\laragon\www\MusicPlayer\public\index.php(79): CodeIgniter\CodeIgniter->run()
#12 C:\laragon\www\MusicPlayer\system\Commands\Server\rewrite.php(47): require_once('C:\\laragon\\www\\...')
#13 {main}
CRITICAL - 2023-09-24 09:11:03 --> Unknown column 'title' in 'field list'
in SYSTEMPATH\Database\BaseConnection.php on line 646.
 1 SYSTEMPATH\Database\BaseBuilder.php(2308): CodeIgniter\Database\BaseConnection->query('INSERT INTO `musics` (`title`, `artist`, `file_path`) VALUES (:title:, :artist:, :file_path:)', [...], false)
 2 SYSTEMPATH\Model.php(319): CodeIgniter\Database\BaseBuilder->insert()
 3 SYSTEMPATH\BaseModel.php(788): CodeIgniter\Model->doInsert([...])
 4 SYSTEMPATH\Model.php(715): CodeIgniter\BaseModel->insert([...], true)
 5 APPPATH\Controllers\MusicController.php(26): CodeIgniter\Model->insert([...])
 6 SYSTEMPATH\CodeIgniter.php(919): App\Controllers\MusicController->upload()
 7 SYSTEMPATH\CodeIgniter.php(494): CodeIgniter\CodeIgniter->runController(Object(App\Controllers\MusicController))
 8 SYSTEMPATH\CodeIgniter.php(353): CodeIgniter\CodeIgniter->handleRequest(null, Object(Config\Cache), false)
 9 FCPATH\index.php(79): CodeIgniter\CodeIgniter->run()
10 SYSTEMPATH\Commands\Server\rewrite.php(47): require_once('C:\\laragon\\www\\MusicPlayer\\public\\index.php')
CRITICAL - 2023-09-24 11:41:49 --> Invalid file: "music_upload.php"
in SYSTEMPATH\Exceptions\FrameworkException.php on line 39.
 1 SYSTEMPATH\View\View.php(214): CodeIgniter\Exceptions\FrameworkException::forInvalidFile('music_upload.php')
 2 SYSTEMPATH\Common.php(1188): CodeIgniter\View\View->render('music_upload', [], true)
 3 APPPATH\Controllers\MusicController.php(29): view('music_upload')
 4 SYSTEMPATH\CodeIgniter.php(919): App\Controllers\MusicController->upload()
 5 SYSTEMPATH\CodeIgniter.php(494): CodeIgniter\CodeIgniter->runController(Object(App\Controllers\MusicController))
 6 SYSTEMPATH\CodeIgniter.php(353): CodeIgniter\CodeIgniter->handleRequest(null, Object(Config\Cache), false)
 7 FCPATH\index.php(79): CodeIgniter\CodeIgniter->run()
 8 SYSTEMPATH\Commands\Server\rewrite.php(47): require_once('C:\\laragon\\www\\MusicPlayer\\public\\index.php')
CRITICAL - 2023-09-24 12:57:38 --> Undefined variable $playlists
in APPPATH\Views\MainMusic.php on line 84.
 1 APPPATH\Views\MainMusic.php(84): CodeIgniter\Debug\Exceptions->errorHandler(2, 'Undefined variable $playlists', 'C:\\laragon\\www\\MusicPlayer\\app\\Views\\MainMusic.php', 84)
 2 SYSTEMPATH\View\View.php(226): include('C:\\laragon\\www\\MusicPlayer\\app\\Views\\MainMusic.php')
 3 SYSTEMPATH\View\View.php(229): CodeIgniter\View\View->CodeIgniter\View\{closure}()
 4 SYSTEMPATH\Common.php(1188): CodeIgniter\View\View->render('MainMusic', [], true)
 5 APPPATH\Controllers\MusicController.php(29): view('MainMusic')
 6 SYSTEMPATH\CodeIgniter.php(919): App\Controllers\MusicController->upload()
 7 SYSTEMPATH\CodeIgniter.php(494): CodeIgniter\CodeIgniter->runController(Object(App\Controllers\MusicController))
 8 SYSTEMPATH\CodeIgniter.php(353): CodeIgniter\CodeIgniter->handleRequest(null, Object(Config\Cache), false)
 9 FCPATH\index.php(79): CodeIgniter\CodeIgniter->run()
10 SYSTEMPATH\Commands\Server\rewrite.php(47): require_once('C:\\laragon\\www\\MusicPlayer\\public\\index.php')
CRITICAL - 2023-09-24 13:00:59 --> Undefined variable $playlists
in APPPATH\Views\MainMusic.php on line 84.
 1 APPPATH\Views\MainMusic.php(84): CodeIgniter\Debug\Exceptions->errorHandler(2, 'Undefined variable $playlists', 'C:\\laragon\\www\\MusicPlayer\\app\\Views\\MainMusic.php', 84)
 2 SYSTEMPATH\View\View.php(226): include('C:\\laragon\\www\\MusicPlayer\\app\\Views\\MainMusic.php')
 3 SYSTEMPATH\View\View.php(229): CodeIgniter\View\View->CodeIgniter\View\{closure}()
 4 SYSTEMPATH\Common.php(1188): CodeIgniter\View\View->render('MainMusic', [], true)
 5 APPPATH\Controllers\MusicController.php(29): view('MainMusic')
 6 SYSTEMPATH\CodeIgniter.php(919): App\Controllers\MusicController->upload()
 7 SYSTEMPATH\CodeIgniter.php(494): CodeIgniter\CodeIgniter->runController(Object(App\Controllers\MusicController))
 8 SYSTEMPATH\CodeIgniter.php(353): CodeIgniter\CodeIgniter->handleRequest(null, Object(Config\Cache), false)
 9 FCPATH\index.php(79): CodeIgniter\CodeIgniter->run()
10 SYSTEMPATH\Commands\Server\rewrite.php(47): require_once('C:\\laragon\\www\\MusicPlayer\\public\\index.php')
CRITICAL - 2023-09-24 13:16:37 --> Undefined variable $playlists
in APPPATH\Views\MainMusic.php on line 84.
 1 APPPATH\Views\MainMusic.php(84): CodeIgniter\Debug\Exceptions->errorHandler(2, 'Undefined variable $playlists', 'C:\\laragon\\www\\MusicPlayer\\app\\Views\\MainMusic.php', 84)
 2 SYSTEMPATH\View\View.php(226): include('C:\\laragon\\www\\MusicPlayer\\app\\Views\\MainMusic.php')
 3 SYSTEMPATH\View\View.php(229): CodeIgniter\View\View->CodeIgniter\View\{closure}()
 4 SYSTEMPATH\Common.php(1188): CodeIgniter\View\View->render('MainMusic', [], true)
 5 APPPATH\Controllers\MusicController.php(29): view('MainMusic')
 6 SYSTEMPATH\CodeIgniter.php(919): App\Controllers\MusicController->upload()
 7 SYSTEMPATH\CodeIgniter.php(494): CodeIgniter\CodeIgniter->runController(Object(App\Controllers\MusicController))
 8 SYSTEMPATH\CodeIgniter.php(353): CodeIgniter\CodeIgniter->handleRequest(null, Object(Config\Cache), false)
 9 FCPATH\index.php(79): CodeIgniter\CodeIgniter->run()
10 SYSTEMPATH\Commands\Server\rewrite.php(47): require_once('C:\\laragon\\www\\MusicPlayer\\public\\index.php')
CRITICAL - 2023-09-24 13:16:38 --> Undefined variable $playlists
in APPPATH\Views\MainMusic.php on line 84.
 1 APPPATH\Views\MainMusic.php(84): CodeIgniter\Debug\Exceptions->errorHandler(2, 'Undefined variable $playlists', 'C:\\laragon\\www\\MusicPlayer\\app\\Views\\MainMusic.php', 84)
 2 SYSTEMPATH\View\View.php(226): include('C:\\laragon\\www\\MusicPlayer\\app\\Views\\MainMusic.php')
 3 SYSTEMPATH\View\View.php(229): CodeIgniter\View\View->CodeIgniter\View\{closure}()
 4 SYSTEMPATH\Common.php(1188): CodeIgniter\View\View->render('MainMusic', [], true)
 5 APPPATH\Controllers\MusicController.php(29): view('MainMusic')
 6 SYSTEMPATH\CodeIgniter.php(919): App\Controllers\MusicController->upload()
 7 SYSTEMPATH\CodeIgniter.php(494): CodeIgniter\CodeIgniter->runController(Object(App\Controllers\MusicController))
 8 SYSTEMPATH\CodeIgniter.php(353): CodeIgniter\CodeIgniter->handleRequest(null, Object(Config\Cache), false)
 9 FCPATH\index.php(79): CodeIgniter\CodeIgniter->run()
10 SYSTEMPATH\Commands\Server\rewrite.php(47): require_once('C:\\laragon\\www\\MusicPlayer\\public\\index.php')
CRITICAL - 2023-09-24 13:16:38 --> Undefined variable $playlists
in APPPATH\Views\MainMusic.php on line 84.
 1 APPPATH\Views\MainMusic.php(84): CodeIgniter\Debug\Exceptions->errorHandler(2, 'Undefined variable $playlists', 'C:\\laragon\\www\\MusicPlayer\\app\\Views\\MainMusic.php', 84)
 2 SYSTEMPATH\View\View.php(226): include('C:\\laragon\\www\\MusicPlayer\\app\\Views\\MainMusic.php')
 3 SYSTEMPATH\View\View.php(229): CodeIgniter\View\View->CodeIgniter\View\{closure}()
 4 SYSTEMPATH\Common.php(1188): CodeIgniter\View\View->render('MainMusic', [], true)
 5 APPPATH\Controllers\MusicController.php(29): view('MainMusic')
 6 SYSTEMPATH\CodeIgniter.php(919): App\Controllers\MusicController->upload()
 7 SYSTEMPATH\CodeIgniter.php(494): CodeIgniter\CodeIgniter->runController(Object(App\Controllers\MusicController))
 8 SYSTEMPATH\CodeIgniter.php(353): CodeIgniter\CodeIgniter->handleRequest(null, Object(Config\Cache), false)
 9 FCPATH\index.php(79): CodeIgniter\CodeIgniter->run()
10 SYSTEMPATH\Commands\Server\rewrite.php(47): require_once('C:\\laragon\\www\\MusicPlayer\\public\\index.php')
CRITICAL - 2023-09-24 13:17:05 --> Undefined variable $playlistse
in APPPATH\Views\MainMusic.php on line 84.
 1 APPPATH\Views\MainMusic.php(84): CodeIgniter\Debug\Exceptions->errorHandler(2, 'Undefined variable $playlistse', 'C:\\laragon\\www\\MusicPlayer\\app\\Views\\MainMusic.php', 84)
 2 SYSTEMPATH\View\View.php(226): include('C:\\laragon\\www\\MusicPlayer\\app\\Views\\MainMusic.php')
 3 SYSTEMPATH\View\View.php(229): CodeIgniter\View\View->CodeIgniter\View\{closure}()
 4 SYSTEMPATH\Common.php(1188): CodeIgniter\View\View->render('MainMusic', [], true)
 5 APPPATH\Controllers\MusicController.php(29): view('MainMusic')
 6 SYSTEMPATH\CodeIgniter.php(919): App\Controllers\MusicController->upload()
 7 SYSTEMPATH\CodeIgniter.php(494): CodeIgniter\CodeIgniter->runController(Object(App\Controllers\MusicController))
 8 SYSTEMPATH\CodeIgniter.php(353): CodeIgniter\CodeIgniter->handleRequest(null, Object(Config\Cache), false)
 9 FCPATH\index.php(79): CodeIgniter\CodeIgniter->run()
10 SYSTEMPATH\Commands\Server\rewrite.php(47): require_once('C:\\laragon\\www\\MusicPlayer\\public\\index.php')
CRITICAL - 2023-09-24 13:18:41 --> Undefined variable $playlists
in APPPATH\Views\MainMusic.php on line 84.
 1 APPPATH\Views\MainMusic.php(84): CodeIgniter\Debug\Exceptions->errorHandler(2, 'Undefined variable $playlists', 'C:\\laragon\\www\\MusicPlayer\\app\\Views\\MainMusic.php', 84)
 2 SYSTEMPATH\View\View.php(226): include('C:\\laragon\\www\\MusicPlayer\\app\\Views\\MainMusic.php')
 3 SYSTEMPATH\View\View.php(229): CodeIgniter\View\View->CodeIgniter\View\{closure}()
 4 SYSTEMPATH\Common.php(1188): CodeIgniter\View\View->render('MainMusic', [], true)
 5 APPPATH\Controllers\MusicController.php(29): view('MainMusic')
 6 SYSTEMPATH\CodeIgniter.php(919): App\Controllers\MusicController->upload()
 7 SYSTEMPATH\CodeIgniter.php(494): CodeIgniter\CodeIgniter->runController(Object(App\Controllers\MusicController))
 8 SYSTEMPATH\CodeIgniter.php(353): CodeIgniter\CodeIgniter->handleRequest(null, Object(Config\Cache), false)
 9 FCPATH\index.php(79): CodeIgniter\CodeIgniter->run()
10 SYSTEMPATH\Commands\Server\rewrite.php(47): require_once('C:\\laragon\\www\\MusicPlayer\\public\\index.php')
CRITICAL - 2023-09-24 13:18:41 --> Undefined variable $playlists
in APPPATH\Views\MainMusic.php on line 84.
 1 APPPATH\Views\MainMusic.php(84): CodeIgniter\Debug\Exceptions->errorHandler(2, 'Undefined variable $playlists', 'C:\\laragon\\www\\MusicPlayer\\app\\Views\\MainMusic.php', 84)
 2 SYSTEMPATH\View\View.php(226): include('C:\\laragon\\www\\MusicPlayer\\app\\Views\\MainMusic.php')
 3 SYSTEMPATH\View\View.php(229): CodeIgniter\View\View->CodeIgniter\View\{closure}()
 4 SYSTEMPATH\Common.php(1188): CodeIgniter\View\View->render('MainMusic', [], true)
 5 APPPATH\Controllers\MusicController.php(29): view('MainMusic')
 6 SYSTEMPATH\CodeIgniter.php(919): App\Controllers\MusicController->upload()
 7 SYSTEMPATH\CodeIgniter.php(494): CodeIgniter\CodeIgniter->runController(Object(App\Controllers\MusicController))
 8 SYSTEMPATH\CodeIgniter.php(353): CodeIgniter\CodeIgniter->handleRequest(null, Object(Config\Cache), false)
 9 FCPATH\index.php(79): CodeIgniter\CodeIgniter->run()
10 SYSTEMPATH\Commands\Server\rewrite.php(47): require_once('C:\\laragon\\www\\MusicPlayer\\public\\index.php')
CRITICAL - 2023-09-24 13:18:42 --> Undefined variable $playlists
in APPPATH\Views\MainMusic.php on line 84.
 1 APPPATH\Views\MainMusic.php(84): CodeIgniter\Debug\Exceptions->errorHandler(2, 'Undefined variable $playlists', 'C:\\laragon\\www\\MusicPlayer\\app\\Views\\MainMusic.php', 84)
 2 SYSTEMPATH\View\View.php(226): include('C:\\laragon\\www\\MusicPlayer\\app\\Views\\MainMusic.php')
 3 SYSTEMPATH\View\View.php(229): CodeIgniter\View\View->CodeIgniter\View\{closure}()
 4 SYSTEMPATH\Common.php(1188): CodeIgniter\View\View->render('MainMusic', [], true)
 5 APPPATH\Controllers\MusicController.php(29): view('MainMusic')
 6 SYSTEMPATH\CodeIgniter.php(919): App\Controllers\MusicController->upload()
 7 SYSTEMPATH\CodeIgniter.php(494): CodeIgniter\CodeIgniter->runController(Object(App\Controllers\MusicController))
 8 SYSTEMPATH\CodeIgniter.php(353): CodeIgniter\CodeIgniter->handleRequest(null, Object(Config\Cache), false)
 9 FCPATH\index.php(79): CodeIgniter\CodeIgniter->run()
10 SYSTEMPATH\Commands\Server\rewrite.php(47): require_once('C:\\laragon\\www\\MusicPlayer\\public\\index.php')
CRITICAL - 2023-09-24 13:18:44 --> Undefined variable $playlists
in APPPATH\Views\MainMusic.php on line 84.
 1 APPPATH\Views\MainMusic.php(84): CodeIgniter\Debug\Exceptions->errorHandler(2, 'Undefined variable $playlists', 'C:\\laragon\\www\\MusicPlayer\\app\\Views\\MainMusic.php', 84)
 2 SYSTEMPATH\View\View.php(226): include('C:\\laragon\\www\\MusicPlayer\\app\\Views\\MainMusic.php')
 3 SYSTEMPATH\View\View.php(229): CodeIgniter\View\View->CodeIgniter\View\{closure}()
 4 SYSTEMPATH\Common.php(1188): CodeIgniter\View\View->render('MainMusic', [], true)
 5 APPPATH\Controllers\MusicController.php(29): view('MainMusic')
 6 SYSTEMPATH\CodeIgniter.php(919): App\Controllers\MusicController->upload()
 7 SYSTEMPATH\CodeIgniter.php(494): CodeIgniter\CodeIgniter->runController(Object(App\Controllers\MusicController))
 8 SYSTEMPATH\CodeIgniter.php(353): CodeIgniter\CodeIgniter->handleRequest(null, Object(Config\Cache), false)
 9 FCPATH\index.php(79): CodeIgniter\CodeIgniter->run()
10 SYSTEMPATH\Commands\Server\rewrite.php(47): require_once('C:\\laragon\\www\\MusicPlayer\\public\\index.php')
CRITICAL - 2023-09-24 13:18:44 --> Undefined variable $playlists
in APPPATH\Views\MainMusic.php on line 84.
 1 APPPATH\Views\MainMusic.php(84): CodeIgniter\Debug\Exceptions->errorHandler(2, 'Undefined variable $playlists', 'C:\\laragon\\www\\MusicPlayer\\app\\Views\\MainMusic.php', 84)
 2 SYSTEMPATH\View\View.php(226): include('C:\\laragon\\www\\MusicPlayer\\app\\Views\\MainMusic.php')
 3 SYSTEMPATH\View\View.php(229): CodeIgniter\View\View->CodeIgniter\View\{closure}()
 4 SYSTEMPATH\Common.php(1188): CodeIgniter\View\View->render('MainMusic', [], true)
 5 APPPATH\Controllers\MusicController.php(29): view('MainMusic')
 6 SYSTEMPATH\CodeIgniter.php(919): App\Controllers\MusicController->upload()
 7 SYSTEMPATH\CodeIgniter.php(494): CodeIgniter\CodeIgniter->runController(Object(App\Controllers\MusicController))
 8 SYSTEMPATH\CodeIgniter.php(353): CodeIgniter\CodeIgniter->handleRequest(null, Object(Config\Cache), false)
 9 FCPATH\index.php(79): CodeIgniter\CodeIgniter->run()
10 SYSTEMPATH\Commands\Server\rewrite.php(47): require_once('C:\\laragon\\www\\MusicPlayer\\public\\index.php')
CRITICAL - 2023-09-24 13:26:29 --> Undefined variable $playlists
in APPPATH\Views\MainMusic.php on line 84.
 1 APPPATH\Views\MainMusic.php(84): CodeIgniter\Debug\Exceptions->errorHandler(2, 'Undefined variable $playlists', 'C:\\laragon\\www\\MusicPlayer\\app\\Views\\MainMusic.php', 84)
 2 SYSTEMPATH\View\View.php(226): include('C:\\laragon\\www\\MusicPlayer\\app\\Views\\MainMusic.php')
 3 SYSTEMPATH\View\View.php(229): CodeIgniter\View\View->CodeIgniter\View\{closure}()
 4 SYSTEMPATH\Common.php(1188): CodeIgniter\View\View->render('MainMusic', [], true)
 5 APPPATH\Controllers\MusicController.php(29): view('MainMusic')
 6 SYSTEMPATH\CodeIgniter.php(919): App\Controllers\MusicController->upload()
 7 SYSTEMPATH\CodeIgniter.php(494): CodeIgniter\CodeIgniter->runController(Object(App\Controllers\MusicController))
 8 SYSTEMPATH\CodeIgniter.php(353): CodeIgniter\CodeIgniter->handleRequest(null, Object(Config\Cache), false)
 9 FCPATH\index.php(79): CodeIgniter\CodeIgniter->run()
10 SYSTEMPATH\Commands\Server\rewrite.php(47): require_once('C:\\laragon\\www\\MusicPlayer\\public\\index.php')
CRITICAL - 2023-09-24 13:26:30 --> Undefined variable $playlists
in APPPATH\Views\MainMusic.php on line 84.
 1 APPPATH\Views\MainMusic.php(84): CodeIgniter\Debug\Exceptions->errorHandler(2, 'Undefined variable $playlists', 'C:\\laragon\\www\\MusicPlayer\\app\\Views\\MainMusic.php', 84)
 2 SYSTEMPATH\View\View.php(226): include('C:\\laragon\\www\\MusicPlayer\\app\\Views\\MainMusic.php')
 3 SYSTEMPATH\View\View.php(229): CodeIgniter\View\View->CodeIgniter\View\{closure}()
 4 SYSTEMPATH\Common.php(1188): CodeIgniter\View\View->render('MainMusic', [], true)
 5 APPPATH\Controllers\MusicController.php(29): view('MainMusic')
 6 SYSTEMPATH\CodeIgniter.php(919): App\Controllers\MusicController->upload()
 7 SYSTEMPATH\CodeIgniter.php(494): CodeIgniter\CodeIgniter->runController(Object(App\Controllers\MusicController))
 8 SYSTEMPATH\CodeIgniter.php(353): CodeIgniter\CodeIgniter->handleRequest(null, Object(Config\Cache), false)
 9 FCPATH\index.php(79): CodeIgniter\CodeIgniter->run()
10 SYSTEMPATH\Commands\Server\rewrite.php(47): require_once('C:\\laragon\\www\\MusicPlayer\\public\\index.php')
CRITICAL - 2023-09-24 13:26:31 --> Undefined variable $playlists
in APPPATH\Views\MainMusic.php on line 84.
 1 APPPATH\Views\MainMusic.php(84): CodeIgniter\Debug\Exceptions->errorHandler(2, 'Undefined variable $playlists', 'C:\\laragon\\www\\MusicPlayer\\app\\Views\\MainMusic.php', 84)
 2 SYSTEMPATH\View\View.php(226): include('C:\\laragon\\www\\MusicPlayer\\app\\Views\\MainMusic.php')
 3 SYSTEMPATH\View\View.php(229): CodeIgniter\View\View->CodeIgniter\View\{closure}()
 4 SYSTEMPATH\Common.php(1188): CodeIgniter\View\View->render('MainMusic', [], true)
 5 APPPATH\Controllers\MusicController.php(29): view('MainMusic')
 6 SYSTEMPATH\CodeIgniter.php(919): App\Controllers\MusicController->upload()
 7 SYSTEMPATH\CodeIgniter.php(494): CodeIgniter\CodeIgniter->runController(Object(App\Controllers\MusicController))
 8 SYSTEMPATH\CodeIgniter.php(353): CodeIgniter\CodeIgniter->handleRequest(null, Object(Config\Cache), false)
 9 FCPATH\index.php(79): CodeIgniter\CodeIgniter->run()
10 SYSTEMPATH\Commands\Server\rewrite.php(47): require_once('C:\\laragon\\www\\MusicPlayer\\public\\index.php')
CRITICAL - 2023-09-24 13:26:32 --> Undefined variable $playlists
in APPPATH\Views\MainMusic.php on line 84.
 1 APPPATH\Views\MainMusic.php(84): CodeIgniter\Debug\Exceptions->errorHandler(2, 'Undefined variable $playlists', 'C:\\laragon\\www\\MusicPlayer\\app\\Views\\MainMusic.php', 84)
 2 SYSTEMPATH\View\View.php(226): include('C:\\laragon\\www\\MusicPlayer\\app\\Views\\MainMusic.php')
 3 SYSTEMPATH\View\View.php(229): CodeIgniter\View\View->CodeIgniter\View\{closure}()
 4 SYSTEMPATH\Common.php(1188): CodeIgniter\View\View->render('MainMusic', [], true)
 5 APPPATH\Controllers\MusicController.php(29): view('MainMusic')
 6 SYSTEMPATH\CodeIgniter.php(919): App\Controllers\MusicController->upload()
 7 SYSTEMPATH\CodeIgniter.php(494): CodeIgniter\CodeIgniter->runController(Object(App\Controllers\MusicController))
 8 SYSTEMPATH\CodeIgniter.php(353): CodeIgniter\CodeIgniter->handleRequest(null, Object(Config\Cache), false)
 9 FCPATH\index.php(79): CodeIgniter\CodeIgniter->run()
10 SYSTEMPATH\Commands\Server\rewrite.php(47): require_once('C:\\laragon\\www\\MusicPlayer\\public\\index.php')
CRITICAL - 2023-09-24 13:27:19 --> Undefined variable $playlists
in APPPATH\Views\MainMusic.php on line 84.
 1 APPPATH\Views\MainMusic.php(84): CodeIgniter\Debug\Exceptions->errorHandler(2, 'Undefined variable $playlists', 'C:\\laragon\\www\\MusicPlayer\\app\\Views\\MainMusic.php', 84)
 2 SYSTEMPATH\View\View.php(226): include('C:\\laragon\\www\\MusicPlayer\\app\\Views\\MainMusic.php')
 3 SYSTEMPATH\View\View.php(229): CodeIgniter\View\View->CodeIgniter\View\{closure}()
 4 SYSTEMPATH\Common.php(1188): CodeIgniter\View\View->render('MainMusic', [], true)
 5 APPPATH\Controllers\MusicController.php(29): view('MainMusic')
 6 SYSTEMPATH\CodeIgniter.php(919): App\Controllers\MusicController->upload()
 7 SYSTEMPATH\CodeIgniter.php(494): CodeIgniter\CodeIgniter->runController(Object(App\Controllers\MusicController))
 8 SYSTEMPATH\CodeIgniter.php(353): CodeIgniter\CodeIgniter->handleRequest(null, Object(Config\Cache), false)
 9 FCPATH\index.php(79): CodeIgniter\CodeIgniter->run()
10 SYSTEMPATH\Commands\Server\rewrite.php(47): require_once('C:\\laragon\\www\\MusicPlayer\\public\\index.php')
CRITICAL - 2023-09-24 13:27:19 --> Undefined variable $playlists
in APPPATH\Views\MainMusic.php on line 84.
 1 APPPATH\Views\MainMusic.php(84): CodeIgniter\Debug\Exceptions->errorHandler(2, 'Undefined variable $playlists', 'C:\\laragon\\www\\MusicPlayer\\app\\Views\\MainMusic.php', 84)
 2 SYSTEMPATH\View\View.php(226): include('C:\\laragon\\www\\MusicPlayer\\app\\Views\\MainMusic.php')
 3 SYSTEMPATH\View\View.php(229): CodeIgniter\View\View->CodeIgniter\View\{closure}()
 4 SYSTEMPATH\Common.php(1188): CodeIgniter\View\View->render('MainMusic', [], true)
 5 APPPATH\Controllers\MusicController.php(29): view('MainMusic')
 6 SYSTEMPATH\CodeIgniter.php(919): App\Controllers\MusicController->upload()
 7 SYSTEMPATH\CodeIgniter.php(494): CodeIgniter\CodeIgniter->runController(Object(App\Controllers\MusicController))
 8 SYSTEMPATH\CodeIgniter.php(353): CodeIgniter\CodeIgniter->handleRequest(null, Object(Config\Cache), false)
 9 FCPATH\index.php(79): CodeIgniter\CodeIgniter->run()
10 SYSTEMPATH\Commands\Server\rewrite.php(47): require_once('C:\\laragon\\www\\MusicPlayer\\public\\index.php')
CRITICAL - 2023-09-24 13:27:20 --> Undefined variable $playlists
in APPPATH\Views\MainMusic.php on line 84.
 1 APPPATH\Views\MainMusic.php(84): CodeIgniter\Debug\Exceptions->errorHandler(2, 'Undefined variable $playlists', 'C:\\laragon\\www\\MusicPlayer\\app\\Views\\MainMusic.php', 84)
 2 SYSTEMPATH\View\View.php(226): include('C:\\laragon\\www\\MusicPlayer\\app\\Views\\MainMusic.php')
 3 SYSTEMPATH\View\View.php(229): CodeIgniter\View\View->CodeIgniter\View\{closure}()
 4 SYSTEMPATH\Common.php(1188): CodeIgniter\View\View->render('MainMusic', [], true)
 5 APPPATH\Controllers\MusicController.php(29): view('MainMusic')
 6 SYSTEMPATH\CodeIgniter.php(919): App\Controllers\MusicController->upload()
 7 SYSTEMPATH\CodeIgniter.php(494): CodeIgniter\CodeIgniter->runController(Object(App\Controllers\MusicController))
 8 SYSTEMPATH\CodeIgniter.php(353): CodeIgniter\CodeIgniter->handleRequest(null, Object(Config\Cache), false)
 9 FCPATH\index.php(79): CodeIgniter\CodeIgniter->run()
10 SYSTEMPATH\Commands\Server\rewrite.php(47): require_once('C:\\laragon\\www\\MusicPlayer\\public\\index.php')
CRITICAL - 2023-09-24 13:30:41 --> Undefined variable $playlists
in APPPATH\Views\MainMusic.php on line 84.
 1 APPPATH\Views\MainMusic.php(84): CodeIgniter\Debug\Exceptions->errorHandler(2, 'Undefined variable $playlists', 'C:\\laragon\\www\\MusicPlayer\\app\\Views\\MainMusic.php', 84)
 2 SYSTEMPATH\View\View.php(226): include('C:\\laragon\\www\\MusicPlayer\\app\\Views\\MainMusic.php')
 3 SYSTEMPATH\View\View.php(229): CodeIgniter\View\View->CodeIgniter\View\{closure}()
 4 SYSTEMPATH\Common.php(1188): CodeIgniter\View\View->render('MainMusic', [], true)
 5 APPPATH\Controllers\MusicController.php(29): view('MainMusic')
 6 SYSTEMPATH\CodeIgniter.php(919): App\Controllers\MusicController->upload()
 7 SYSTEMPATH\CodeIgniter.php(494): CodeIgniter\CodeIgniter->runController(Object(App\Controllers\MusicController))
 8 SYSTEMPATH\CodeIgniter.php(353): CodeIgniter\CodeIgniter->handleRequest(null, Object(Config\Cache), false)
 9 FCPATH\index.php(79): CodeIgniter\CodeIgniter->run()
10 SYSTEMPATH\Commands\Server\rewrite.php(47): require_once('C:\\laragon\\www\\MusicPlayer\\public\\index.php')
CRITICAL - 2023-09-24 13:33:59 --> Undefined variable $playlists
in APPPATH\Views\MainMusic.php on line 84.
 1 APPPATH\Views\MainMusic.php(84): CodeIgniter\Debug\Exceptions->errorHandler(2, 'Undefined variable $playlists', 'C:\\laragon\\www\\MusicPlayer\\app\\Views\\MainMusic.php', 84)
 2 SYSTEMPATH\View\View.php(226): include('C:\\laragon\\www\\MusicPlayer\\app\\Views\\MainMusic.php')
 3 SYSTEMPATH\View\View.php(229): CodeIgniter\View\View->CodeIgniter\View\{closure}()
 4 SYSTEMPATH\Common.php(1188): CodeIgniter\View\View->render('MainMusic', [], true)
 5 APPPATH\Controllers\MusicController.php(29): view('MainMusic')
 6 SYSTEMPATH\CodeIgniter.php(919): App\Controllers\MusicController->upload()
 7 SYSTEMPATH\CodeIgniter.php(494): CodeIgniter\CodeIgniter->runController(Object(App\Controllers\MusicController))
 8 SYSTEMPATH\CodeIgniter.php(353): CodeIgniter\CodeIgniter->handleRequest(null, Object(Config\Cache), false)
 9 FCPATH\index.php(79): CodeIgniter\CodeIgniter->run()
10 SYSTEMPATH\Commands\Server\rewrite.php(47): require_once('C:\\laragon\\www\\MusicPlayer\\public\\index.php')
CRITICAL - 2023-09-24 13:34:28 --> Undefined variable $playlists
in APPPATH\Views\MainMusic.php on line 84.
 1 APPPATH\Views\MainMusic.php(84): CodeIgniter\Debug\Exceptions->errorHandler(2, 'Undefined variable $playlists', 'C:\\laragon\\www\\MusicPlayer\\app\\Views\\MainMusic.php', 84)
 2 SYSTEMPATH\View\View.php(226): include('C:\\laragon\\www\\MusicPlayer\\app\\Views\\MainMusic.php')
 3 SYSTEMPATH\View\View.php(229): CodeIgniter\View\View->CodeIgniter\View\{closure}()
 4 SYSTEMPATH\Common.php(1188): CodeIgniter\View\View->render('MainMusic', [], true)
 5 APPPATH\Controllers\MusicController.php(29): view('MainMusic')
 6 SYSTEMPATH\CodeIgniter.php(919): App\Controllers\MusicController->upload()
 7 SYSTEMPATH\CodeIgniter.php(494): CodeIgniter\CodeIgniter->runController(Object(App\Controllers\MusicController))
 8 SYSTEMPATH\CodeIgniter.php(353): CodeIgniter\CodeIgniter->handleRequest(null, Object(Config\Cache), false)
 9 FCPATH\index.php(79): CodeIgniter\CodeIgniter->run()
10 SYSTEMPATH\Commands\Server\rewrite.php(47): require_once('C:\\laragon\\www\\MusicPlayer\\public\\index.php')
CRITICAL - 2023-09-24 13:34:28 --> Undefined variable $playlists
in APPPATH\Views\MainMusic.php on line 84.
 1 APPPATH\Views\MainMusic.php(84): CodeIgniter\Debug\Exceptions->errorHandler(2, 'Undefined variable $playlists', 'C:\\laragon\\www\\MusicPlayer\\app\\Views\\MainMusic.php', 84)
 2 SYSTEMPATH\View\View.php(226): include('C:\\laragon\\www\\MusicPlayer\\app\\Views\\MainMusic.php')
 3 SYSTEMPATH\View\View.php(229): CodeIgniter\View\View->CodeIgniter\View\{closure}()
 4 SYSTEMPATH\Common.php(1188): CodeIgniter\View\View->render('MainMusic', [], true)
 5 APPPATH\Controllers\MusicController.php(29): view('MainMusic')
 6 SYSTEMPATH\CodeIgniter.php(919): App\Controllers\MusicController->upload()
 7 SYSTEMPATH\CodeIgniter.php(494): CodeIgniter\CodeIgniter->runController(Object(App\Controllers\MusicController))
 8 SYSTEMPATH\CodeIgniter.php(353): CodeIgniter\CodeIgniter->handleRequest(null, Object(Config\Cache), false)
 9 FCPATH\index.php(79): CodeIgniter\CodeIgniter->run()
10 SYSTEMPATH\Commands\Server\rewrite.php(47): require_once('C:\\laragon\\www\\MusicPlayer\\public\\index.php')
CRITICAL - 2023-09-24 13:34:29 --> Undefined variable $playlists
in APPPATH\Views\MainMusic.php on line 84.
 1 APPPATH\Views\MainMusic.php(84): CodeIgniter\Debug\Exceptions->errorHandler(2, 'Undefined variable $playlists', 'C:\\laragon\\www\\MusicPlayer\\app\\Views\\MainMusic.php', 84)
 2 SYSTEMPATH\View\View.php(226): include('C:\\laragon\\www\\MusicPlayer\\app\\Views\\MainMusic.php')
 3 SYSTEMPATH\View\View.php(229): CodeIgniter\View\View->CodeIgniter\View\{closure}()
 4 SYSTEMPATH\Common.php(1188): CodeIgniter\View\View->render('MainMusic', [], true)
 5 APPPATH\Controllers\MusicController.php(29): view('MainMusic')
 6 SYSTEMPATH\CodeIgniter.php(919): App\Controllers\MusicController->upload()
 7 SYSTEMPATH\CodeIgniter.php(494): CodeIgniter\CodeIgniter->runController(Object(App\Controllers\MusicController))
 8 SYSTEMPATH\CodeIgniter.php(353): CodeIgniter\CodeIgniter->handleRequest(null, Object(Config\Cache), false)
 9 FCPATH\index.php(79): CodeIgniter\CodeIgniter->run()
10 SYSTEMPATH\Commands\Server\rewrite.php(47): require_once('C:\\laragon\\www\\MusicPlayer\\public\\index.php')
CRITICAL - 2023-09-24 13:35:06 --> Undefined variable $playlists
in APPPATH\Views\MainMusic.php on line 84.
 1 APPPATH\Views\MainMusic.php(84): CodeIgniter\Debug\Exceptions->errorHandler(2, 'Undefined variable $playlists', 'C:\\laragon\\www\\MusicPlayer\\app\\Views\\MainMusic.php', 84)
 2 SYSTEMPATH\View\View.php(226): include('C:\\laragon\\www\\MusicPlayer\\app\\Views\\MainMusic.php')
 3 SYSTEMPATH\View\View.php(229): CodeIgniter\View\View->CodeIgniter\View\{closure}()
 4 SYSTEMPATH\Common.php(1188): CodeIgniter\View\View->render('MainMusic', [], true)
 5 APPPATH\Controllers\MusicController.php(29): view('MainMusic')
 6 SYSTEMPATH\CodeIgniter.php(919): App\Controllers\MusicController->upload()
 7 SYSTEMPATH\CodeIgniter.php(494): CodeIgniter\CodeIgniter->runController(Object(App\Controllers\MusicController))
 8 SYSTEMPATH\CodeIgniter.php(353): CodeIgniter\CodeIgniter->handleRequest(null, Object(Config\Cache), false)
 9 FCPATH\index.php(79): CodeIgniter\CodeIgniter->run()
10 SYSTEMPATH\Commands\Server\rewrite.php(47): require_once('C:\\laragon\\www\\MusicPlayer\\public\\index.php')
CRITICAL - 2023-09-24 13:35:07 --> Undefined variable $playlists
in APPPATH\Views\MainMusic.php on line 84.
 1 APPPATH\Views\MainMusic.php(84): CodeIgniter\Debug\Exceptions->errorHandler(2, 'Undefined variable $playlists', 'C:\\laragon\\www\\MusicPlayer\\app\\Views\\MainMusic.php', 84)
 2 SYSTEMPATH\View\View.php(226): include('C:\\laragon\\www\\MusicPlayer\\app\\Views\\MainMusic.php')
 3 SYSTEMPATH\View\View.php(229): CodeIgniter\View\View->CodeIgniter\View\{closure}()
 4 SYSTEMPATH\Common.php(1188): CodeIgniter\View\View->render('MainMusic', [], true)
 5 APPPATH\Controllers\MusicController.php(29): view('MainMusic')
 6 SYSTEMPATH\CodeIgniter.php(919): App\Controllers\MusicController->upload()
 7 SYSTEMPATH\CodeIgniter.php(494): CodeIgniter\CodeIgniter->runController(Object(App\Controllers\MusicController))
 8 SYSTEMPATH\CodeIgniter.php(353): CodeIgniter\CodeIgniter->handleRequest(null, Object(Config\Cache), false)
 9 FCPATH\index.php(79): CodeIgniter\CodeIgniter->run()
10 SYSTEMPATH\Commands\Server\rewrite.php(47): require_once('C:\\laragon\\www\\MusicPlayer\\public\\index.php')
CRITICAL - 2023-09-24 13:35:07 --> Undefined variable $playlists
in APPPATH\Views\MainMusic.php on line 84.
 1 APPPATH\Views\MainMusic.php(84): CodeIgniter\Debug\Exceptions->errorHandler(2, 'Undefined variable $playlists', 'C:\\laragon\\www\\MusicPlayer\\app\\Views\\MainMusic.php', 84)
 2 SYSTEMPATH\View\View.php(226): include('C:\\laragon\\www\\MusicPlayer\\app\\Views\\MainMusic.php')
 3 SYSTEMPATH\View\View.php(229): CodeIgniter\View\View->CodeIgniter\View\{closure}()
 4 SYSTEMPATH\Common.php(1188): CodeIgniter\View\View->render('MainMusic', [], true)
 5 APPPATH\Controllers\MusicController.php(29): view('MainMusic')
 6 SYSTEMPATH\CodeIgniter.php(919): App\Controllers\MusicController->upload()
 7 SYSTEMPATH\CodeIgniter.php(494): CodeIgniter\CodeIgniter->runController(Object(App\Controllers\MusicController))
 8 SYSTEMPATH\CodeIgniter.php(353): CodeIgniter\CodeIgniter->handleRequest(null, Object(Config\Cache), false)
 9 FCPATH\index.php(79): CodeIgniter\CodeIgniter->run()
10 SYSTEMPATH\Commands\Server\rewrite.php(47): require_once('C:\\laragon\\www\\MusicPlayer\\public\\index.php')
CRITICAL - 2023-09-24 13:37:17 --> Undefined variable $playlists
in APPPATH\Views\MainMusic.php on line 84.
 1 APPPATH\Views\MainMusic.php(84): CodeIgniter\Debug\Exceptions->errorHandler(2, 'Undefined variable $playlists', 'C:\\laragon\\www\\MusicPlayer\\app\\Views\\MainMusic.php', 84)
 2 SYSTEMPATH\View\View.php(226): include('C:\\laragon\\www\\MusicPlayer\\app\\Views\\MainMusic.php')
 3 SYSTEMPATH\View\View.php(229): CodeIgniter\View\View->CodeIgniter\View\{closure}()
 4 SYSTEMPATH\Common.php(1188): CodeIgniter\View\View->render('MainMusic', [], true)
 5 APPPATH\Controllers\MusicController.php(29): view('MainMusic')
 6 SYSTEMPATH\CodeIgniter.php(919): App\Controllers\MusicController->upload()
 7 SYSTEMPATH\CodeIgniter.php(494): CodeIgniter\CodeIgniter->runController(Object(App\Controllers\MusicController))
 8 SYSTEMPATH\CodeIgniter.php(353): CodeIgniter\CodeIgniter->handleRequest(null, Object(Config\Cache), false)
 9 FCPATH\index.php(79): CodeIgniter\CodeIgniter->run()
10 SYSTEMPATH\Commands\Server\rewrite.php(47): require_once('C:\\laragon\\www\\MusicPlayer\\public\\index.php')
CRITICAL - 2023-09-24 13:37:18 --> Undefined variable $playlists
in APPPATH\Views\MainMusic.php on line 84.
 1 APPPATH\Views\MainMusic.php(84): CodeIgniter\Debug\Exceptions->errorHandler(2, 'Undefined variable $playlists', 'C:\\laragon\\www\\MusicPlayer\\app\\Views\\MainMusic.php', 84)
 2 SYSTEMPATH\View\View.php(226): include('C:\\laragon\\www\\MusicPlayer\\app\\Views\\MainMusic.php')
 3 SYSTEMPATH\View\View.php(229): CodeIgniter\View\View->CodeIgniter\View\{closure}()
 4 SYSTEMPATH\Common.php(1188): CodeIgniter\View\View->render('MainMusic', [], true)
 5 APPPATH\Controllers\MusicController.php(29): view('MainMusic')
 6 SYSTEMPATH\CodeIgniter.php(919): App\Controllers\MusicController->upload()
 7 SYSTEMPATH\CodeIgniter.php(494): CodeIgniter\CodeIgniter->runController(Object(App\Controllers\MusicController))
 8 SYSTEMPATH\CodeIgniter.php(353): CodeIgniter\CodeIgniter->handleRequest(null, Object(Config\Cache), false)
 9 FCPATH\index.php(79): CodeIgniter\CodeIgniter->run()
10 SYSTEMPATH\Commands\Server\rewrite.php(47): require_once('C:\\laragon\\www\\MusicPlayer\\public\\index.php')
CRITICAL - 2023-09-24 13:42:27 --> Undefined variable $playlists
in APPPATH\Views\MainMusic.php on line 84.
 1 APPPATH\Views\MainMusic.php(84): CodeIgniter\Debug\Exceptions->errorHandler(2, 'Undefined variable $playlists', 'C:\\laragon\\www\\MusicPlayer\\app\\Views\\MainMusic.php', 84)
 2 SYSTEMPATH\View\View.php(226): include('C:\\laragon\\www\\MusicPlayer\\app\\Views\\MainMusic.php')
 3 SYSTEMPATH\View\View.php(229): CodeIgniter\View\View->CodeIgniter\View\{closure}()
 4 SYSTEMPATH\Common.php(1188): CodeIgniter\View\View->render('MainMusic', [], true)
 5 APPPATH\Controllers\MusicController.php(29): view('MainMusic')
 6 SYSTEMPATH\CodeIgniter.php(919): App\Controllers\MusicController->upload()
 7 SYSTEMPATH\CodeIgniter.php(494): CodeIgniter\CodeIgniter->runController(Object(App\Controllers\MusicController))
 8 SYSTEMPATH\CodeIgniter.php(353): CodeIgniter\CodeIgniter->handleRequest(null, Object(Config\Cache), false)
 9 FCPATH\index.php(79): CodeIgniter\CodeIgniter->run()
10 SYSTEMPATH\Commands\Server\rewrite.php(47): require_once('C:\\laragon\\www\\MusicPlayer\\public\\index.php')
CRITICAL - 2023-09-24 13:42:46 --> Undefined variable $playlists
in APPPATH\Views\MainMusic.php on line 84.
 1 APPPATH\Views\MainMusic.php(84): CodeIgniter\Debug\Exceptions->errorHandler(2, 'Undefined variable $playlists', 'C:\\laragon\\www\\MusicPlayer\\app\\Views\\MainMusic.php', 84)
 2 SYSTEMPATH\View\View.php(226): include('C:\\laragon\\www\\MusicPlayer\\app\\Views\\MainMusic.php')
 3 SYSTEMPATH\View\View.php(229): CodeIgniter\View\View->CodeIgniter\View\{closure}()
 4 SYSTEMPATH\Common.php(1188): CodeIgniter\View\View->render('MainMusic', [], true)
 5 APPPATH\Controllers\MusicController.php(29): view('MainMusic')
 6 SYSTEMPATH\CodeIgniter.php(919): App\Controllers\MusicController->upload()
 7 SYSTEMPATH\CodeIgniter.php(494): CodeIgniter\CodeIgniter->runController(Object(App\Controllers\MusicController))
 8 SYSTEMPATH\CodeIgniter.php(353): CodeIgniter\CodeIgniter->handleRequest(null, Object(Config\Cache), false)
 9 FCPATH\index.php(79): CodeIgniter\CodeIgniter->run()
10 SYSTEMPATH\Commands\Server\rewrite.php(47): require_once('C:\\laragon\\www\\MusicPlayer\\public\\index.php')
CRITICAL - 2023-09-24 13:47:32 --> Undefined variable $playlists
in APPPATH\Views\MainMusic.php on line 84.
 1 APPPATH\Views\MainMusic.php(84): CodeIgniter\Debug\Exceptions->errorHandler(2, 'Undefined variable $playlists', 'C:\\laragon\\www\\MusicPlayer\\app\\Views\\MainMusic.php', 84)
 2 SYSTEMPATH\View\View.php(226): include('C:\\laragon\\www\\MusicPlayer\\app\\Views\\MainMusic.php')
 3 SYSTEMPATH\View\View.php(229): CodeIgniter\View\View->CodeIgniter\View\{closure}()
 4 SYSTEMPATH\Common.php(1188): CodeIgniter\View\View->render('MainMusic', [], true)
 5 APPPATH\Controllers\MusicController.php(29): view('MainMusic')
 6 SYSTEMPATH\CodeIgniter.php(919): App\Controllers\MusicController->upload()
 7 SYSTEMPATH\CodeIgniter.php(494): CodeIgniter\CodeIgniter->runController(Object(App\Controllers\MusicController))
 8 SYSTEMPATH\CodeIgniter.php(353): CodeIgniter\CodeIgniter->handleRequest(null, Object(Config\Cache), false)
 9 FCPATH\index.php(79): CodeIgniter\CodeIgniter->run()
10 SYSTEMPATH\Commands\Server\rewrite.php(47): require_once('C:\\laragon\\www\\MusicPlayer\\public\\index.php')
CRITICAL - 2023-09-24 13:49:34 --> Undefined variable $playlists
in APPPATH\Views\MainMusic.php on line 84.
 1 APPPATH\Views\MainMusic.php(84): CodeIgniter\Debug\Exceptions->errorHandler(2, 'Undefined variable $playlists', 'C:\\laragon\\www\\MusicPlayer\\app\\Views\\MainMusic.php', 84)
 2 SYSTEMPATH\View\View.php(226): include('C:\\laragon\\www\\MusicPlayer\\app\\Views\\MainMusic.php')
 3 SYSTEMPATH\View\View.php(229): CodeIgniter\View\View->CodeIgniter\View\{closure}()
 4 SYSTEMPATH\Common.php(1188): CodeIgniter\View\View->render('MainMusic', [], true)
 5 APPPATH\Controllers\MusicController.php(29): view('MainMusic')
 6 SYSTEMPATH\CodeIgniter.php(919): App\Controllers\MusicController->upload()
 7 SYSTEMPATH\CodeIgniter.php(494): CodeIgniter\CodeIgniter->runController(Object(App\Controllers\MusicController))
 8 SYSTEMPATH\CodeIgniter.php(353): CodeIgniter\CodeIgniter->handleRequest(null, Object(Config\Cache), false)
 9 FCPATH\index.php(79): CodeIgniter\CodeIgniter->run()
10 SYSTEMPATH\Commands\Server\rewrite.php(47): require_once('C:\\laragon\\www\\MusicPlayer\\public\\index.php')
CRITICAL - 2023-09-24 13:49:34 --> Undefined variable $playlists
in APPPATH\Views\MainMusic.php on line 84.
 1 APPPATH\Views\MainMusic.php(84): CodeIgniter\Debug\Exceptions->errorHandler(2, 'Undefined variable $playlists', 'C:\\laragon\\www\\MusicPlayer\\app\\Views\\MainMusic.php', 84)
 2 SYSTEMPATH\View\View.php(226): include('C:\\laragon\\www\\MusicPlayer\\app\\Views\\MainMusic.php')
 3 SYSTEMPATH\View\View.php(229): CodeIgniter\View\View->CodeIgniter\View\{closure}()
 4 SYSTEMPATH\Common.php(1188): CodeIgniter\View\View->render('MainMusic', [], true)
 5 APPPATH\Controllers\MusicController.php(29): view('MainMusic')
 6 SYSTEMPATH\CodeIgniter.php(919): App\Controllers\MusicController->upload()
 7 SYSTEMPATH\CodeIgniter.php(494): CodeIgniter\CodeIgniter->runController(Object(App\Controllers\MusicController))
 8 SYSTEMPATH\CodeIgniter.php(353): CodeIgniter\CodeIgniter->handleRequest(null, Object(Config\Cache), false)
 9 FCPATH\index.php(79): CodeIgniter\CodeIgniter->run()
10 SYSTEMPATH\Commands\Server\rewrite.php(47): require_once('C:\\laragon\\www\\MusicPlayer\\public\\index.php')
CRITICAL - 2023-09-24 13:54:10 --> Undefined variable $playlists
in APPPATH\Views\MainMusic.php on line 84.
 1 APPPATH\Views\MainMusic.php(84): CodeIgniter\Debug\Exceptions->errorHandler(2, 'Undefined variable $playlists', 'C:\\laragon\\www\\MusicPlayer\\app\\Views\\MainMusic.php', 84)
 2 SYSTEMPATH\View\View.php(226): include('C:\\laragon\\www\\MusicPlayer\\app\\Views\\MainMusic.php')
 3 SYSTEMPATH\View\View.php(229): CodeIgniter\View\View->CodeIgniter\View\{closure}()
 4 SYSTEMPATH\Common.php(1188): CodeIgniter\View\View->render('MainMusic', [], true)
 5 APPPATH\Controllers\MusicController.php(29): view('MainMusic')
 6 SYSTEMPATH\CodeIgniter.php(919): App\Controllers\MusicController->upload()
 7 SYSTEMPATH\CodeIgniter.php(494): CodeIgniter\CodeIgniter->runController(Object(App\Controllers\MusicController))
 8 SYSTEMPATH\CodeIgniter.php(353): CodeIgniter\CodeIgniter->handleRequest(null, Object(Config\Cache), false)
 9 FCPATH\index.php(79): CodeIgniter\CodeIgniter->run()
10 SYSTEMPATH\Commands\Server\rewrite.php(47): require_once('C:\\laragon\\www\\MusicPlayer\\public\\index.php')
CRITICAL - 2023-09-24 13:54:10 --> Undefined variable $playlists
in APPPATH\Views\MainMusic.php on line 84.
 1 APPPATH\Views\MainMusic.php(84): CodeIgniter\Debug\Exceptions->errorHandler(2, 'Undefined variable $playlists', 'C:\\laragon\\www\\MusicPlayer\\app\\Views\\MainMusic.php', 84)
 2 SYSTEMPATH\View\View.php(226): include('C:\\laragon\\www\\MusicPlayer\\app\\Views\\MainMusic.php')
 3 SYSTEMPATH\View\View.php(229): CodeIgniter\View\View->CodeIgniter\View\{closure}()
 4 SYSTEMPATH\Common.php(1188): CodeIgniter\View\View->render('MainMusic', [], true)
 5 APPPATH\Controllers\MusicController.php(29): view('MainMusic')
 6 SYSTEMPATH\CodeIgniter.php(919): App\Controllers\MusicController->upload()
 7 SYSTEMPATH\CodeIgniter.php(494): CodeIgniter\CodeIgniter->runController(Object(App\Controllers\MusicController))
 8 SYSTEMPATH\CodeIgniter.php(353): CodeIgniter\CodeIgniter->handleRequest(null, Object(Config\Cache), false)
 9 FCPATH\index.php(79): CodeIgniter\CodeIgniter->run()
10 SYSTEMPATH\Commands\Server\rewrite.php(47): require_once('C:\\laragon\\www\\MusicPlayer\\public\\index.php')
CRITICAL - 2023-09-24 13:54:11 --> Undefined variable $playlists
in APPPATH\Views\MainMusic.php on line 84.
 1 APPPATH\Views\MainMusic.php(84): CodeIgniter\Debug\Exceptions->errorHandler(2, 'Undefined variable $playlists', 'C:\\laragon\\www\\MusicPlayer\\app\\Views\\MainMusic.php', 84)
 2 SYSTEMPATH\View\View.php(226): include('C:\\laragon\\www\\MusicPlayer\\app\\Views\\MainMusic.php')
 3 SYSTEMPATH\View\View.php(229): CodeIgniter\View\View->CodeIgniter\View\{closure}()
 4 SYSTEMPATH\Common.php(1188): CodeIgniter\View\View->render('MainMusic', [], true)
 5 APPPATH\Controllers\MusicController.php(29): view('MainMusic')
 6 SYSTEMPATH\CodeIgniter.php(919): App\Controllers\MusicController->upload()
 7 SYSTEMPATH\CodeIgniter.php(494): CodeIgniter\CodeIgniter->runController(Object(App\Controllers\MusicController))
 8 SYSTEMPATH\CodeIgniter.php(353): CodeIgniter\CodeIgniter->handleRequest(null, Object(Config\Cache), false)
 9 FCPATH\index.php(79): CodeIgniter\CodeIgniter->run()
10 SYSTEMPATH\Commands\Server\rewrite.php(47): require_once('C:\\laragon\\www\\MusicPlayer\\public\\index.php')
CRITICAL - 2023-09-24 13:56:48 --> Undefined variable $playlists
in APPPATH\Views\MainMusic.php on line 84.
 1 APPPATH\Views\MainMusic.php(84): CodeIgniter\Debug\Exceptions->errorHandler(2, 'Undefined variable $playlists', 'C:\\laragon\\www\\MusicPlayer\\app\\Views\\MainMusic.php', 84)
 2 SYSTEMPATH\View\View.php(226): include('C:\\laragon\\www\\MusicPlayer\\app\\Views\\MainMusic.php')
 3 SYSTEMPATH\View\View.php(229): CodeIgniter\View\View->CodeIgniter\View\{closure}()
 4 SYSTEMPATH\Common.php(1188): CodeIgniter\View\View->render('MainMusic', [], true)
 5 APPPATH\Controllers\MusicController.php(29): view('MainMusic')
 6 SYSTEMPATH\CodeIgniter.php(919): App\Controllers\MusicController->upload()
 7 SYSTEMPATH\CodeIgniter.php(494): CodeIgniter\CodeIgniter->runController(Object(App\Controllers\MusicController))
 8 SYSTEMPATH\CodeIgniter.php(353): CodeIgniter\CodeIgniter->handleRequest(null, Object(Config\Cache), false)
 9 FCPATH\index.php(79): CodeIgniter\CodeIgniter->run()
10 SYSTEMPATH\Commands\Server\rewrite.php(47): require_once('C:\\laragon\\www\\MusicPlayer\\public\\index.php')
CRITICAL - 2023-09-24 13:56:49 --> Undefined variable $playlists
in APPPATH\Views\MainMusic.php on line 84.
 1 APPPATH\Views\MainMusic.php(84): CodeIgniter\Debug\Exceptions->errorHandler(2, 'Undefined variable $playlists', 'C:\\laragon\\www\\MusicPlayer\\app\\Views\\MainMusic.php', 84)
 2 SYSTEMPATH\View\View.php(226): include('C:\\laragon\\www\\MusicPlayer\\app\\Views\\MainMusic.php')
 3 SYSTEMPATH\View\View.php(229): CodeIgniter\View\View->CodeIgniter\View\{closure}()
 4 SYSTEMPATH\Common.php(1188): CodeIgniter\View\View->render('MainMusic', [], true)
 5 APPPATH\Controllers\MusicController.php(29): view('MainMusic')
 6 SYSTEMPATH\CodeIgniter.php(919): App\Controllers\MusicController->upload()
 7 SYSTEMPATH\CodeIgniter.php(494): CodeIgniter\CodeIgniter->runController(Object(App\Controllers\MusicController))
 8 SYSTEMPATH\CodeIgniter.php(353): CodeIgniter\CodeIgniter->handleRequest(null, Object(Config\Cache), false)
 9 FCPATH\index.php(79): CodeIgniter\CodeIgniter->run()
10 SYSTEMPATH\Commands\Server\rewrite.php(47): require_once('C:\\laragon\\www\\MusicPlayer\\public\\index.php')
CRITICAL - 2023-09-24 13:56:49 --> Undefined variable $playlists
in APPPATH\Views\MainMusic.php on line 84.
 1 APPPATH\Views\MainMusic.php(84): CodeIgniter\Debug\Exceptions->errorHandler(2, 'Undefined variable $playlists', 'C:\\laragon\\www\\MusicPlayer\\app\\Views\\MainMusic.php', 84)
 2 SYSTEMPATH\View\View.php(226): include('C:\\laragon\\www\\MusicPlayer\\app\\Views\\MainMusic.php')
 3 SYSTEMPATH\View\View.php(229): CodeIgniter\View\View->CodeIgniter\View\{closure}()
 4 SYSTEMPATH\Common.php(1188): CodeIgniter\View\View->render('MainMusic', [], true)
 5 APPPATH\Controllers\MusicController.php(29): view('MainMusic')
 6 SYSTEMPATH\CodeIgniter.php(919): App\Controllers\MusicController->upload()
 7 SYSTEMPATH\CodeIgniter.php(494): CodeIgniter\CodeIgniter->runController(Object(App\Controllers\MusicController))
 8 SYSTEMPATH\CodeIgniter.php(353): CodeIgniter\CodeIgniter->handleRequest(null, Object(Config\Cache), false)
 9 FCPATH\index.php(79): CodeIgniter\CodeIgniter->run()
10 SYSTEMPATH\Commands\Server\rewrite.php(47): require_once('C:\\laragon\\www\\MusicPlayer\\public\\index.php')
CRITICAL - 2023-09-24 13:56:50 --> Undefined variable $playlists
in APPPATH\Views\MainMusic.php on line 84.
 1 APPPATH\Views\MainMusic.php(84): CodeIgniter\Debug\Exceptions->errorHandler(2, 'Undefined variable $playlists', 'C:\\laragon\\www\\MusicPlayer\\app\\Views\\MainMusic.php', 84)
 2 SYSTEMPATH\View\View.php(226): include('C:\\laragon\\www\\MusicPlayer\\app\\Views\\MainMusic.php')
 3 SYSTEMPATH\View\View.php(229): CodeIgniter\View\View->CodeIgniter\View\{closure}()
 4 SYSTEMPATH\Common.php(1188): CodeIgniter\View\View->render('MainMusic', [], true)
 5 APPPATH\Controllers\MusicController.php(29): view('MainMusic')
 6 SYSTEMPATH\CodeIgniter.php(919): App\Controllers\MusicController->upload()
 7 SYSTEMPATH\CodeIgniter.php(494): CodeIgniter\CodeIgniter->runController(Object(App\Controllers\MusicController))
 8 SYSTEMPATH\CodeIgniter.php(353): CodeIgniter\CodeIgniter->handleRequest(null, Object(Config\Cache), false)
 9 FCPATH\index.php(79): CodeIgniter\CodeIgniter->run()
10 SYSTEMPATH\Commands\Server\rewrite.php(47): require_once('C:\\laragon\\www\\MusicPlayer\\public\\index.php')
CRITICAL - 2023-09-24 14:18:59 --> Undefined variable $music
in APPPATH\Views\MainMusic.php on line 120.
 1 APPPATH\Views\MainMusic.php(120): CodeIgniter\Debug\Exceptions->errorHandler(2, 'Undefined variable $music', 'C:\\laragon\\www\\MusicPlayer\\app\\Views\\MainMusic.php', 120)
 2 SYSTEMPATH\View\View.php(226): include('C:\\laragon\\www\\MusicPlayer\\app\\Views\\MainMusic.php')
 3 SYSTEMPATH\View\View.php(229): CodeIgniter\View\View->CodeIgniter\View\{closure}()
 4 SYSTEMPATH\Common.php(1188): CodeIgniter\View\View->render('MainMusic', [], true)
 5 APPPATH\Controllers\PlaylistController.php(30): view('MainMusic', [...])
 6 SYSTEMPATH\CodeIgniter.php(919): App\Controllers\PlaylistController->index()
 7 SYSTEMPATH\CodeIgniter.php(494): CodeIgniter\CodeIgniter->runController(Object(App\Controllers\PlaylistController))
 8 SYSTEMPATH\CodeIgniter.php(353): CodeIgniter\CodeIgniter->handleRequest(null, Object(Config\Cache), false)
 9 FCPATH\index.php(79): CodeIgniter\CodeIgniter->run()
10 SYSTEMPATH\Commands\Server\rewrite.php(47): require_once('C:\\laragon\\www\\MusicPlayer\\public\\index.php')
CRITICAL - 2023-09-24 14:19:23 --> Undefined variable $playlists
in APPPATH\Views\MainMusic.php on line 73.
 1 APPPATH\Views\MainMusic.php(73): CodeIgniter\Debug\Exceptions->errorHandler(2, 'Undefined variable $playlists', 'C:\\laragon\\www\\MusicPlayer\\app\\Views\\MainMusic.php', 73)
 2 SYSTEMPATH\View\View.php(226): include('C:\\laragon\\www\\MusicPlayer\\app\\Views\\MainMusic.php')
 3 SYSTEMPATH\View\View.php(229): CodeIgniter\View\View->CodeIgniter\View\{closure}()
 4 SYSTEMPATH\Common.php(1188): CodeIgniter\View\View->render('MainMusic', [], true)
 5 APPPATH\Controllers\MusicController.php(29): view('MainMusic')
 6 SYSTEMPATH\CodeIgniter.php(919): App\Controllers\MusicController->upload()
 7 SYSTEMPATH\CodeIgniter.php(494): CodeIgniter\CodeIgniter->runController(Object(App\Controllers\MusicController))
 8 SYSTEMPATH\CodeIgniter.php(353): CodeIgniter\CodeIgniter->handleRequest(null, Object(Config\Cache), false)
 9 FCPATH\index.php(79): CodeIgniter\CodeIgniter->run()
10 SYSTEMPATH\Commands\Server\rewrite.php(47): require_once('C:\\laragon\\www\\MusicPlayer\\public\\index.php')
CRITICAL - 2023-09-24 14:19:26 --> Undefined variable $playlists
in APPPATH\Views\MainMusic.php on line 73.
 1 APPPATH\Views\MainMusic.php(73): CodeIgniter\Debug\Exceptions->errorHandler(2, 'Undefined variable $playlists', 'C:\\laragon\\www\\MusicPlayer\\app\\Views\\MainMusic.php', 73)
 2 SYSTEMPATH\View\View.php(226): include('C:\\laragon\\www\\MusicPlayer\\app\\Views\\MainMusic.php')
 3 SYSTEMPATH\View\View.php(229): CodeIgniter\View\View->CodeIgniter\View\{closure}()
 4 SYSTEMPATH\Common.php(1188): CodeIgniter\View\View->render('MainMusic', [], true)
 5 APPPATH\Controllers\MusicController.php(29): view('MainMusic')
 6 SYSTEMPATH\CodeIgniter.php(919): App\Controllers\MusicController->upload()
 7 SYSTEMPATH\CodeIgniter.php(494): CodeIgniter\CodeIgniter->runController(Object(App\Controllers\MusicController))
 8 SYSTEMPATH\CodeIgniter.php(353): CodeIgniter\CodeIgniter->handleRequest(null, Object(Config\Cache), false)
 9 FCPATH\index.php(79): CodeIgniter\CodeIgniter->run()
10 SYSTEMPATH\Commands\Server\rewrite.php(47): require_once('C:\\laragon\\www\\MusicPlayer\\public\\index.php')
CRITICAL - 2023-09-24 14:21:45 --> Undefined variable $playlists
in APPPATH\Views\MainMusic.php on line 73.
 1 APPPATH\Views\MainMusic.php(73): CodeIgniter\Debug\Exceptions->errorHandler(2, 'Undefined variable $playlists', 'C:\\laragon\\www\\MusicPlayer\\app\\Views\\MainMusic.php', 73)
 2 SYSTEMPATH\View\View.php(226): include('C:\\laragon\\www\\MusicPlayer\\app\\Views\\MainMusic.php')
 3 SYSTEMPATH\View\View.php(229): CodeIgniter\View\View->CodeIgniter\View\{closure}()
 4 SYSTEMPATH\Common.php(1188): CodeIgniter\View\View->render('MainMusic', [], true)
 5 APPPATH\Controllers\MusicController.php(29): view('MainMusic')
 6 SYSTEMPATH\CodeIgniter.php(919): App\Controllers\MusicController->upload()
 7 SYSTEMPATH\CodeIgniter.php(494): CodeIgniter\CodeIgniter->runController(Object(App\Controllers\MusicController))
 8 SYSTEMPATH\CodeIgniter.php(353): CodeIgniter\CodeIgniter->handleRequest(null, Object(Config\Cache), false)
 9 FCPATH\index.php(79): CodeIgniter\CodeIgniter->run()
10 SYSTEMPATH\Commands\Server\rewrite.php(47): require_once('C:\\laragon\\www\\MusicPlayer\\public\\index.php')
CRITICAL - 2023-09-24 14:22:08 --> Undefined variable $music
in APPPATH\Views\MainMusic.php on line 120.
 1 APPPATH\Views\MainMusic.php(120): CodeIgniter\Debug\Exceptions->errorHandler(2, 'Undefined variable $music', 'C:\\laragon\\www\\MusicPlayer\\app\\Views\\MainMusic.php', 120)
 2 SYSTEMPATH\View\View.php(226): include('C:\\laragon\\www\\MusicPlayer\\app\\Views\\MainMusic.php')
 3 SYSTEMPATH\View\View.php(229): CodeIgniter\View\View->CodeIgniter\View\{closure}()
 4 SYSTEMPATH\Common.php(1188): CodeIgniter\View\View->render('MainMusic', [], true)
 5 APPPATH\Controllers\PlaylistController.php(30): view('MainMusic', [...])
 6 SYSTEMPATH\CodeIgniter.php(919): App\Controllers\PlaylistController->index()
 7 SYSTEMPATH\CodeIgniter.php(494): CodeIgniter\CodeIgniter->runController(Object(App\Controllers\PlaylistController))
 8 SYSTEMPATH\CodeIgniter.php(353): CodeIgniter\CodeIgniter->handleRequest(null, Object(Config\Cache), false)
 9 FCPATH\index.php(79): CodeIgniter\CodeIgniter->run()
10 SYSTEMPATH\Commands\Server\rewrite.php(47): require_once('C:\\laragon\\www\\MusicPlayer\\public\\index.php')
CRITICAL - 2023-09-24 14:22:13 --> Undefined variable $playlists
in APPPATH\Views\MainMusic.php on line 73.
 1 APPPATH\Views\MainMusic.php(73): CodeIgniter\Debug\Exceptions->errorHandler(2, 'Undefined variable $playlists', 'C:\\laragon\\www\\MusicPlayer\\app\\Views\\MainMusic.php', 73)
 2 SYSTEMPATH\View\View.php(226): include('C:\\laragon\\www\\MusicPlayer\\app\\Views\\MainMusic.php')
 3 SYSTEMPATH\View\View.php(229): CodeIgniter\View\View->CodeIgniter\View\{closure}()
 4 SYSTEMPATH\Common.php(1188): CodeIgniter\View\View->render('MainMusic', [], true)
 5 APPPATH\Controllers\MusicController.php(29): view('MainMusic')
 6 SYSTEMPATH\CodeIgniter.php(919): App\Controllers\MusicController->upload()
 7 SYSTEMPATH\CodeIgniter.php(494): CodeIgniter\CodeIgniter->runController(Object(App\Controllers\MusicController))
 8 SYSTEMPATH\CodeIgniter.php(353): CodeIgniter\CodeIgniter->handleRequest(null, Object(Config\Cache), false)
 9 FCPATH\index.php(79): CodeIgniter\CodeIgniter->run()
10 SYSTEMPATH\Commands\Server\rewrite.php(47): require_once('C:\\laragon\\www\\MusicPlayer\\public\\index.php')
CRITICAL - 2023-09-24 14:22:13 --> Undefined variable $playlists
in APPPATH\Views\MainMusic.php on line 73.
 1 APPPATH\Views\MainMusic.php(73): CodeIgniter\Debug\Exceptions->errorHandler(2, 'Undefined variable $playlists', 'C:\\laragon\\www\\MusicPlayer\\app\\Views\\MainMusic.php', 73)
 2 SYSTEMPATH\View\View.php(226): include('C:\\laragon\\www\\MusicPlayer\\app\\Views\\MainMusic.php')
 3 SYSTEMPATH\View\View.php(229): CodeIgniter\View\View->CodeIgniter\View\{closure}()
 4 SYSTEMPATH\Common.php(1188): CodeIgniter\View\View->render('MainMusic', [], true)
 5 APPPATH\Controllers\MusicController.php(29): view('MainMusic')
 6 SYSTEMPATH\CodeIgniter.php(919): App\Controllers\MusicController->upload()
 7 SYSTEMPATH\CodeIgniter.php(494): CodeIgniter\CodeIgniter->runController(Object(App\Controllers\MusicController))
 8 SYSTEMPATH\CodeIgniter.php(353): CodeIgniter\CodeIgniter->handleRequest(null, Object(Config\Cache), false)
 9 FCPATH\index.php(79): CodeIgniter\CodeIgniter->run()
10 SYSTEMPATH\Commands\Server\rewrite.php(47): require_once('C:\\laragon\\www\\MusicPlayer\\public\\index.php')
CRITICAL - 2023-09-24 14:22:42 --> Undefined variable $playlists
in APPPATH\Views\MainMusic.php on line 73.
 1 APPPATH\Views\MainMusic.php(73): CodeIgniter\Debug\Exceptions->errorHandler(2, 'Undefined variable $playlists', 'C:\\laragon\\www\\MusicPlayer\\app\\Views\\MainMusic.php', 73)
 2 SYSTEMPATH\View\View.php(226): include('C:\\laragon\\www\\MusicPlayer\\app\\Views\\MainMusic.php')
 3 SYSTEMPATH\View\View.php(229): CodeIgniter\View\View->CodeIgniter\View\{closure}()
 4 SYSTEMPATH\Common.php(1188): CodeIgniter\View\View->render('MainMusic', [], true)
 5 APPPATH\Controllers\MusicController.php(29): view('MainMusic')
 6 SYSTEMPATH\CodeIgniter.php(919): App\Controllers\MusicController->upload()
 7 SYSTEMPATH\CodeIgniter.php(494): CodeIgniter\CodeIgniter->runController(Object(App\Controllers\MusicController))
 8 SYSTEMPATH\CodeIgniter.php(353): CodeIgniter\CodeIgniter->handleRequest(null, Object(Config\Cache), false)
 9 FCPATH\index.php(79): CodeIgniter\CodeIgniter->run()
10 SYSTEMPATH\Commands\Server\rewrite.php(47): require_once('C:\\laragon\\www\\MusicPlayer\\public\\index.php')
CRITICAL - 2023-09-24 14:22:46 --> Undefined variable $music
in APPPATH\Views\MainMusic.php on line 120.
 1 APPPATH\Views\MainMusic.php(120): CodeIgniter\Debug\Exceptions->errorHandler(2, 'Undefined variable $music', 'C:\\laragon\\www\\MusicPlayer\\app\\Views\\MainMusic.php', 120)
 2 SYSTEMPATH\View\View.php(226): include('C:\\laragon\\www\\MusicPlayer\\app\\Views\\MainMusic.php')
 3 SYSTEMPATH\View\View.php(229): CodeIgniter\View\View->CodeIgniter\View\{closure}()
 4 SYSTEMPATH\Common.php(1188): CodeIgniter\View\View->render('MainMusic', [], true)
 5 APPPATH\Controllers\PlaylistController.php(30): view('MainMusic', [...])
 6 SYSTEMPATH\CodeIgniter.php(919): App\Controllers\PlaylistController->index()
 7 SYSTEMPATH\CodeIgniter.php(494): CodeIgniter\CodeIgniter->runController(Object(App\Controllers\PlaylistController))
 8 SYSTEMPATH\CodeIgniter.php(353): CodeIgniter\CodeIgniter->handleRequest(null, Object(Config\Cache), false)
 9 FCPATH\index.php(79): CodeIgniter\CodeIgniter->run()
10 SYSTEMPATH\Commands\Server\rewrite.php(47): require_once('C:\\laragon\\www\\MusicPlayer\\public\\index.php')
CRITICAL - 2023-09-24 14:26:17 --> Undefined variable $playlists
in APPPATH\Views\MainMusic.php on line 73.
 1 APPPATH\Views\MainMusic.php(73): CodeIgniter\Debug\Exceptions->errorHandler(2, 'Undefined variable $playlists', 'C:\\laragon\\www\\MusicPlayer\\app\\Views\\MainMusic.php', 73)
 2 SYSTEMPATH\View\View.php(226): include('C:\\laragon\\www\\MusicPlayer\\app\\Views\\MainMusic.php')
 3 SYSTEMPATH\View\View.php(229): CodeIgniter\View\View->CodeIgniter\View\{closure}()
 4 SYSTEMPATH\Common.php(1188): CodeIgniter\View\View->render('MainMusic', [], true)
 5 APPPATH\Controllers\MusicController.php(29): view('MainMusic')
 6 SYSTEMPATH\CodeIgniter.php(919): App\Controllers\MusicController->upload()
 7 SYSTEMPATH\CodeIgniter.php(494): CodeIgniter\CodeIgniter->runController(Object(App\Controllers\MusicController))
 8 SYSTEMPATH\CodeIgniter.php(353): CodeIgniter\CodeIgniter->handleRequest(null, Object(Config\Cache), false)
 9 FCPATH\index.php(79): CodeIgniter\CodeIgniter->run()
10 SYSTEMPATH\Commands\Server\rewrite.php(47): require_once('C:\\laragon\\www\\MusicPlayer\\public\\index.php')
CRITICAL - 2023-09-24 14:26:17 --> Undefined variable $playlists
in APPPATH\Views\MainMusic.php on line 73.
 1 APPPATH\Views\MainMusic.php(73): CodeIgniter\Debug\Exceptions->errorHandler(2, 'Undefined variable $playlists', 'C:\\laragon\\www\\MusicPlayer\\app\\Views\\MainMusic.php', 73)
 2 SYSTEMPATH\View\View.php(226): include('C:\\laragon\\www\\MusicPlayer\\app\\Views\\MainMusic.php')
 3 SYSTEMPATH\View\View.php(229): CodeIgniter\View\View->CodeIgniter\View\{closure}()
 4 SYSTEMPATH\Common.php(1188): CodeIgniter\View\View->render('MainMusic', [], true)
 5 APPPATH\Controllers\MusicController.php(29): view('MainMusic')
 6 SYSTEMPATH\CodeIgniter.php(919): App\Controllers\MusicController->upload()
 7 SYSTEMPATH\CodeIgniter.php(494): CodeIgniter\CodeIgniter->runController(Object(App\Controllers\MusicController))
 8 SYSTEMPATH\CodeIgniter.php(353): CodeIgniter\CodeIgniter->handleRequest(null, Object(Config\Cache), false)
 9 FCPATH\index.php(79): CodeIgniter\CodeIgniter->run()
10 SYSTEMPATH\Commands\Server\rewrite.php(47): require_once('C:\\laragon\\www\\MusicPlayer\\public\\index.php')
CRITICAL - 2023-09-24 14:26:22 --> Undefined array key "music_src"
in APPPATH\Views\MainMusic.php on line 121.
 1 APPPATH\Views\MainMusic.php(121): CodeIgniter\Debug\Exceptions->errorHandler(2, 'Undefined array key "music_src"', 'C:\\laragon\\www\\MusicPlayer\\app\\Views\\MainMusic.php', 121)
 2 SYSTEMPATH\View\View.php(226): include('C:\\laragon\\www\\MusicPlayer\\app\\Views\\MainMusic.php')
 3 SYSTEMPATH\View\View.php(229): CodeIgniter\View\View->CodeIgniter\View\{closure}()
 4 SYSTEMPATH\Common.php(1188): CodeIgniter\View\View->render('MainMusic', [], true)
 5 APPPATH\Controllers\PlaylistController.php(33): view('MainMusic', [...])
 6 SYSTEMPATH\CodeIgniter.php(919): App\Controllers\PlaylistController->index()
 7 SYSTEMPATH\CodeIgniter.php(494): CodeIgniter\CodeIgniter->runController(Object(App\Controllers\PlaylistController))
 8 SYSTEMPATH\CodeIgniter.php(353): CodeIgniter\CodeIgniter->handleRequest(null, Object(Config\Cache), false)
 9 FCPATH\index.php(79): CodeIgniter\CodeIgniter->run()
10 SYSTEMPATH\Commands\Server\rewrite.php(47): require_once('C:\\laragon\\www\\MusicPlayer\\public\\index.php')
CRITICAL - 2023-09-24 14:29:21 --> Undefined array key "playlist_id"
in APPPATH\Views\MainMusic.php on line 121.
 1 APPPATH\Views\MainMusic.php(121): CodeIgniter\Debug\Exceptions->errorHandler(2, 'Undefined array key "playlist_id"', 'C:\\laragon\\www\\MusicPlayer\\app\\Views\\MainMusic.php', 121)
 2 SYSTEMPATH\View\View.php(226): include('C:\\laragon\\www\\MusicPlayer\\app\\Views\\MainMusic.php')
 3 SYSTEMPATH\View\View.php(229): CodeIgniter\View\View->CodeIgniter\View\{closure}()
 4 SYSTEMPATH\Common.php(1188): CodeIgniter\View\View->render('MainMusic', [], true)
 5 APPPATH\Controllers\PlaylistController.php(33): view('MainMusic', [...])
 6 SYSTEMPATH\CodeIgniter.php(919): App\Controllers\PlaylistController->index()
 7 SYSTEMPATH\CodeIgniter.php(494): CodeIgniter\CodeIgniter->runController(Object(App\Controllers\PlaylistController))
 8 SYSTEMPATH\CodeIgniter.php(353): CodeIgniter\CodeIgniter->handleRequest(null, Object(Config\Cache), false)
 9 FCPATH\index.php(79): CodeIgniter\CodeIgniter->run()
10 SYSTEMPATH\Commands\Server\rewrite.php(47): require_once('C:\\laragon\\www\\MusicPlayer\\public\\index.php')
CRITICAL - 2023-09-24 14:29:22 --> Undefined array key "playlist_id"
in APPPATH\Views\MainMusic.php on line 121.
 1 APPPATH\Views\MainMusic.php(121): CodeIgniter\Debug\Exceptions->errorHandler(2, 'Undefined array key "playlist_id"', 'C:\\laragon\\www\\MusicPlayer\\app\\Views\\MainMusic.php', 121)
 2 SYSTEMPATH\View\View.php(226): include('C:\\laragon\\www\\MusicPlayer\\app\\Views\\MainMusic.php')
 3 SYSTEMPATH\View\View.php(229): CodeIgniter\View\View->CodeIgniter\View\{closure}()
 4 SYSTEMPATH\Common.php(1188): CodeIgniter\View\View->render('MainMusic', [], true)
 5 APPPATH\Controllers\PlaylistController.php(33): view('MainMusic', [...])
 6 SYSTEMPATH\CodeIgniter.php(919): App\Controllers\PlaylistController->index()
 7 SYSTEMPATH\CodeIgniter.php(494): CodeIgniter\CodeIgniter->runController(Object(App\Controllers\PlaylistController))
 8 SYSTEMPATH\CodeIgniter.php(353): CodeIgniter\CodeIgniter->handleRequest(null, Object(Config\Cache), false)
 9 FCPATH\index.php(79): CodeIgniter\CodeIgniter->run()
10 SYSTEMPATH\Commands\Server\rewrite.php(47): require_once('C:\\laragon\\www\\MusicPlayer\\public\\index.php')
CRITICAL - 2023-09-24 14:29:36 --> Undefined array key "music_id"
in APPPATH\Views\MainMusic.php on line 121.
 1 APPPATH\Views\MainMusic.php(121): CodeIgniter\Debug\Exceptions->errorHandler(2, 'Undefined array key "music_id"', 'C:\\laragon\\www\\MusicPlayer\\app\\Views\\MainMusic.php', 121)
 2 SYSTEMPATH\View\View.php(226): include('C:\\laragon\\www\\MusicPlayer\\app\\Views\\MainMusic.php')
 3 SYSTEMPATH\View\View.php(229): CodeIgniter\View\View->CodeIgniter\View\{closure}()
 4 SYSTEMPATH\Common.php(1188): CodeIgniter\View\View->render('MainMusic', [], true)
 5 APPPATH\Controllers\PlaylistController.php(33): view('MainMusic', [...])
 6 SYSTEMPATH\CodeIgniter.php(919): App\Controllers\PlaylistController->index()
 7 SYSTEMPATH\CodeIgniter.php(494): CodeIgniter\CodeIgniter->runController(Object(App\Controllers\PlaylistController))
 8 SYSTEMPATH\CodeIgniter.php(353): CodeIgniter\CodeIgniter->handleRequest(null, Object(Config\Cache), false)
 9 FCPATH\index.php(79): CodeIgniter\CodeIgniter->run()
10 SYSTEMPATH\Commands\Server\rewrite.php(47): require_once('C:\\laragon\\www\\MusicPlayer\\public\\index.php')
CRITICAL - 2023-09-24 14:29:57 --> Undefined array key "music_src"
in APPPATH\Views\MainMusic.php on line 121.
 1 APPPATH\Views\MainMusic.php(121): CodeIgniter\Debug\Exceptions->errorHandler(2, 'Undefined array key "music_src"', 'C:\\laragon\\www\\MusicPlayer\\app\\Views\\MainMusic.php', 121)
 2 SYSTEMPATH\View\View.php(226): include('C:\\laragon\\www\\MusicPlayer\\app\\Views\\MainMusic.php')
 3 SYSTEMPATH\View\View.php(229): CodeIgniter\View\View->CodeIgniter\View\{closure}()
 4 SYSTEMPATH\Common.php(1188): CodeIgniter\View\View->render('MainMusic', [], true)
 5 APPPATH\Controllers\PlaylistController.php(33): view('MainMusic', [...])
 6 SYSTEMPATH\CodeIgniter.php(919): App\Controllers\PlaylistController->index()
 7 SYSTEMPATH\CodeIgniter.php(494): CodeIgniter\CodeIgniter->runController(Object(App\Controllers\PlaylistController))
 8 SYSTEMPATH\CodeIgniter.php(353): CodeIgniter\CodeIgniter->handleRequest(null, Object(Config\Cache), false)
 9 FCPATH\index.php(79): CodeIgniter\CodeIgniter->run()
10 SYSTEMPATH\Commands\Server\rewrite.php(47): require_once('C:\\laragon\\www\\MusicPlayer\\public\\index.php')
CRITICAL - 2023-09-24 14:39:13 --> Undefined variable $music
in APPPATH\Views\MainMusic.php on line 121.
 1 APPPATH\Views\MainMusic.php(121): CodeIgniter\Debug\Exceptions->errorHandler(2, 'Undefined variable $music', 'C:\\laragon\\www\\MusicPlayer\\app\\Views\\MainMusic.php', 121)
 2 SYSTEMPATH\View\View.php(226): include('C:\\laragon\\www\\MusicPlayer\\app\\Views\\MainMusic.php')
 3 SYSTEMPATH\View\View.php(229): CodeIgniter\View\View->CodeIgniter\View\{closure}()
 4 SYSTEMPATH\Common.php(1188): CodeIgniter\View\View->render('MainMusic', [], true)
 5 APPPATH\Controllers\PlaylistController.php(33): view('MainMusic', [...])
 6 SYSTEMPATH\CodeIgniter.php(919): App\Controllers\PlaylistController->index()
 7 SYSTEMPATH\CodeIgniter.php(494): CodeIgniter\CodeIgniter->runController(Object(App\Controllers\PlaylistController))
 8 SYSTEMPATH\CodeIgniter.php(353): CodeIgniter\CodeIgniter->handleRequest(null, Object(Config\Cache), false)
 9 FCPATH\index.php(79): CodeIgniter\CodeIgniter->run()
10 SYSTEMPATH\Commands\Server\rewrite.php(47): require_once('C:\\laragon\\www\\MusicPlayer\\public\\index.php')
CRITICAL - 2023-09-24 14:52:53 --> Undefined variable $playlists
in APPPATH\Views\MainMusic.php on line 97.
 1 APPPATH\Views\MainMusic.php(97): CodeIgniter\Debug\Exceptions->errorHandler(2, 'Undefined variable $playlists', 'C:\\laragon\\www\\MusicPlayer\\app\\Views\\MainMusic.php', 97)
 2 SYSTEMPATH\View\View.php(226): include('C:\\laragon\\www\\MusicPlayer\\app\\Views\\MainMusic.php')
 3 SYSTEMPATH\View\View.php(229): CodeIgniter\View\View->CodeIgniter\View\{closure}()
 4 SYSTEMPATH\Common.php(1188): CodeIgniter\View\View->render('MainMusic', [], true)
 5 APPPATH\Controllers\MusicController.php(29): view('MainMusic')
 6 SYSTEMPATH\CodeIgniter.php(919): App\Controllers\MusicController->upload()
 7 SYSTEMPATH\CodeIgniter.php(494): CodeIgniter\CodeIgniter->runController(Object(App\Controllers\MusicController))
 8 SYSTEMPATH\CodeIgniter.php(353): CodeIgniter\CodeIgniter->handleRequest(null, Object(Config\Cache), false)
 9 FCPATH\index.php(79): CodeIgniter\CodeIgniter->run()
10 SYSTEMPATH\Commands\Server\rewrite.php(47): require_once('C:\\laragon\\www\\MusicPlayer\\public\\index.php')
CRITICAL - 2023-09-24 14:53:02 --> Undefined variable $playlists
in APPPATH\Views\MainMusic.php on line 97.
 1 APPPATH\Views\MainMusic.php(97): CodeIgniter\Debug\Exceptions->errorHandler(2, 'Undefined variable $playlists', 'C:\\laragon\\www\\MusicPlayer\\app\\Views\\MainMusic.php', 97)
 2 SYSTEMPATH\View\View.php(226): include('C:\\laragon\\www\\MusicPlayer\\app\\Views\\MainMusic.php')
 3 SYSTEMPATH\View\View.php(229): CodeIgniter\View\View->CodeIgniter\View\{closure}()
 4 SYSTEMPATH\Common.php(1188): CodeIgniter\View\View->render('MainMusic', [], true)
 5 APPPATH\Controllers\MusicController.php(29): view('MainMusic')
 6 SYSTEMPATH\CodeIgniter.php(919): App\Controllers\MusicController->upload()
 7 SYSTEMPATH\CodeIgniter.php(494): CodeIgniter\CodeIgniter->runController(Object(App\Controllers\MusicController))
 8 SYSTEMPATH\CodeIgniter.php(353): CodeIgniter\CodeIgniter->handleRequest(null, Object(Config\Cache), false)
 9 FCPATH\index.php(79): CodeIgniter\CodeIgniter->run()
10 SYSTEMPATH\Commands\Server\rewrite.php(47): require_once('C:\\laragon\\www\\MusicPlayer\\public\\index.php')
CRITICAL - 2023-09-24 14:53:27 --> Undefined variable $playlists
in APPPATH\Views\MainMusic.php on line 97.
 1 APPPATH\Views\MainMusic.php(97): CodeIgniter\Debug\Exceptions->errorHandler(2, 'Undefined variable $playlists', 'C:\\laragon\\www\\MusicPlayer\\app\\Views\\MainMusic.php', 97)
 2 SYSTEMPATH\View\View.php(226): include('C:\\laragon\\www\\MusicPlayer\\app\\Views\\MainMusic.php')
 3 SYSTEMPATH\View\View.php(229): CodeIgniter\View\View->CodeIgniter\View\{closure}()
 4 SYSTEMPATH\Common.php(1188): CodeIgniter\View\View->render('MainMusic', [], true)
 5 APPPATH\Controllers\MusicController.php(29): view('MainMusic')
 6 SYSTEMPATH\CodeIgniter.php(919): App\Controllers\MusicController->upload()
 7 SYSTEMPATH\CodeIgniter.php(494): CodeIgniter\CodeIgniter->runController(Object(App\Controllers\MusicController))
 8 SYSTEMPATH\CodeIgniter.php(353): CodeIgniter\CodeIgniter->handleRequest(null, Object(Config\Cache), false)
 9 FCPATH\index.php(79): CodeIgniter\CodeIgniter->run()
10 SYSTEMPATH\Commands\Server\rewrite.php(47): require_once('C:\\laragon\\www\\MusicPlayer\\public\\index.php')
CRITICAL - 2023-09-24 14:54:28 --> Undefined variable $playlists
in APPPATH\Views\MainMusic.php on line 97.
 1 APPPATH\Views\MainMusic.php(97): CodeIgniter\Debug\Exceptions->errorHandler(2, 'Undefined variable $playlists', 'C:\\laragon\\www\\MusicPlayer\\app\\Views\\MainMusic.php', 97)
 2 SYSTEMPATH\View\View.php(226): include('C:\\laragon\\www\\MusicPlayer\\app\\Views\\MainMusic.php')
 3 SYSTEMPATH\View\View.php(229): CodeIgniter\View\View->CodeIgniter\View\{closure}()
 4 SYSTEMPATH\Common.php(1188): CodeIgniter\View\View->render('MainMusic', [], true)
 5 APPPATH\Controllers\MusicController.php(29): view('MainMusic')
 6 SYSTEMPATH\CodeIgniter.php(919): App\Controllers\MusicController->upload()
 7 SYSTEMPATH\CodeIgniter.php(494): CodeIgniter\CodeIgniter->runController(Object(App\Controllers\MusicController))
 8 SYSTEMPATH\CodeIgniter.php(353): CodeIgniter\CodeIgniter->handleRequest(null, Object(Config\Cache), false)
 9 FCPATH\index.php(79): CodeIgniter\CodeIgniter->run()
10 SYSTEMPATH\Commands\Server\rewrite.php(47): require_once('C:\\laragon\\www\\MusicPlayer\\public\\index.php')
CRITICAL - 2023-09-24 14:57:17 --> Undefined variable $music
in APPPATH\Views\MainMusic.php on line 148.
 1 APPPATH\Views\MainMusic.php(148): CodeIgniter\Debug\Exceptions->errorHandler(2, 'Undefined variable $music', 'C:\\laragon\\www\\MusicPlayer\\app\\Views\\MainMusic.php', 148)
 2 SYSTEMPATH\View\View.php(226): include('C:\\laragon\\www\\MusicPlayer\\app\\Views\\MainMusic.php')
 3 SYSTEMPATH\View\View.php(229): CodeIgniter\View\View->CodeIgniter\View\{closure}()
 4 SYSTEMPATH\Common.php(1188): CodeIgniter\View\View->render('MainMusic', [], true)
 5 APPPATH\Controllers\MusicController.php(29): view('MainMusic')
 6 SYSTEMPATH\CodeIgniter.php(919): App\Controllers\MusicController->upload()
 7 SYSTEMPATH\CodeIgniter.php(494): CodeIgniter\CodeIgniter->runController(Object(App\Controllers\MusicController))
 8 SYSTEMPATH\CodeIgniter.php(353): CodeIgniter\CodeIgniter->handleRequest(null, Object(Config\Cache), false)
 9 FCPATH\index.php(79): CodeIgniter\CodeIgniter->run()
10 SYSTEMPATH\Commands\Server\rewrite.php(47): require_once('C:\\laragon\\www\\MusicPlayer\\public\\index.php')
CRITICAL - 2023-09-24 15:00:28 --> Undefined variable $music
in APPPATH\Views\MainMusic.php on line 148.
 1 APPPATH\Views\MainMusic.php(148): CodeIgniter\Debug\Exceptions->errorHandler(2, 'Undefined variable $music', 'C:\\laragon\\www\\MusicPlayer\\app\\Views\\MainMusic.php', 148)
 2 SYSTEMPATH\View\View.php(226): include('C:\\laragon\\www\\MusicPlayer\\app\\Views\\MainMusic.php')
 3 SYSTEMPATH\View\View.php(229): CodeIgniter\View\View->CodeIgniter\View\{closure}()
 4 SYSTEMPATH\Common.php(1188): CodeIgniter\View\View->render('MainMusic', [], true)
 5 APPPATH\Controllers\MusicController.php(29): view('MainMusic')
 6 SYSTEMPATH\CodeIgniter.php(919): App\Controllers\MusicController->upload()
 7 SYSTEMPATH\CodeIgniter.php(494): CodeIgniter\CodeIgniter->runController(Object(App\Controllers\MusicController))
 8 SYSTEMPATH\CodeIgniter.php(353): CodeIgniter\CodeIgniter->handleRequest(null, Object(Config\Cache), false)
 9 FCPATH\index.php(79): CodeIgniter\CodeIgniter->run()
10 SYSTEMPATH\Commands\Server\rewrite.php(47): require_once('C:\\laragon\\www\\MusicPlayer\\public\\index.php')
CRITICAL - 2023-09-24 15:11:41 --> CodeIgniter\Database\BaseBuilder::like(): Argument #2 ($match) must be of type string, null given, called in C:\laragon\www\MusicPlayer\system\Model.php on line 871
in SYSTEMPATH\Database\BaseBuilder.php on line 983.
 1 SYSTEMPATH\Model.php(871): CodeIgniter\Database\BaseBuilder->like('title', null)
 2 APPPATH\Controllers\MusicController.php(36): CodeIgniter\Model->__call('like', [...])
 3 SYSTEMPATH\CodeIgniter.php(919): App\Controllers\MusicController->search_music()
 4 SYSTEMPATH\CodeIgniter.php(494): CodeIgniter\CodeIgniter->runController(Object(App\Controllers\MusicController))
 5 SYSTEMPATH\CodeIgniter.php(353): CodeIgniter\CodeIgniter->handleRequest(null, Object(Config\Cache), false)
 6 FCPATH\index.php(79): CodeIgniter\CodeIgniter->run()
 7 SYSTEMPATH\Commands\Server\rewrite.php(47): require_once('C:\\laragon\\www\\MusicPlayer\\public\\index.php')
CRITICAL - 2023-09-24 15:14:15 --> CodeIgniter\Database\BaseBuilder::like(): Argument #3 ($side) must be of type string, null given, called in C:\laragon\www\MusicPlayer\system\Model.php on line 871
in SYSTEMPATH\Database\BaseBuilder.php on line 983.
 1 SYSTEMPATH\Model.php(871): CodeIgniter\Database\BaseBuilder->like('title', 'artist', null)
 2 APPPATH\Controllers\MusicController.php(36): CodeIgniter\Model->__call('like', [...])
 3 SYSTEMPATH\CodeIgniter.php(919): App\Controllers\MusicController->search_music()
 4 SYSTEMPATH\CodeIgniter.php(494): CodeIgniter\CodeIgniter->runController(Object(App\Controllers\MusicController))
 5 SYSTEMPATH\CodeIgniter.php(353): CodeIgniter\CodeIgniter->handleRequest(null, Object(Config\Cache), false)
 6 FCPATH\index.php(79): CodeIgniter\CodeIgniter->run()
 7 SYSTEMPATH\Commands\Server\rewrite.php(47): require_once('C:\\laragon\\www\\MusicPlayer\\public\\index.php')
ERROR - 2023-09-24 15:14:26 --> mysqli_sql_exception: You have an error in your SQL syntax; check the manual that corresponds to your MySQL server version for the right syntax to use near 'LIKE '%%' ESCAPE '!'' at line 3 in C:\laragon\www\MusicPlayer\system\Database\MySQLi\Connection.php:306
Stack trace:
#0 C:\laragon\www\MusicPlayer\system\Database\MySQLi\Connection.php(306): mysqli->query('SELECT *\nFROM `...', 0)
#1 C:\laragon\www\MusicPlayer\system\Database\BaseConnection.php(692): CodeIgniter\Database\MySQLi\Connection->execute('SELECT *\nFROM `...')
#2 C:\laragon\www\MusicPlayer\system\Database\BaseConnection.php(606): CodeIgniter\Database\BaseConnection->simpleQuery('SELECT *\nFROM `...')
#3 C:\laragon\www\MusicPlayer\system\Database\BaseBuilder.php(1615): CodeIgniter\Database\BaseConnection->query('SELECT *\nFROM `...', Array, false)
#4 C:\laragon\www\MusicPlayer\system\Model.php(237): CodeIgniter\Database\BaseBuilder->get()
#5 C:\laragon\www\MusicPlayer\system\BaseModel.php(624): CodeIgniter\Model->doFindAll(0, 0)
#6 C:\laragon\www\MusicPlayer\app\Controllers\MusicController.php(36): CodeIgniter\BaseModel->findAll()
#7 C:\laragon\www\MusicPlayer\system\CodeIgniter.php(919): App\Controllers\MusicController->search_music()
#8 C:\laragon\www\MusicPlayer\system\CodeIgniter.php(494): CodeIgniter\CodeIgniter->runController(Object(App\Controllers\MusicController))
#9 C:\laragon\www\MusicPlayer\system\CodeIgniter.php(353): CodeIgniter\CodeIgniter->handleRequest(NULL, Object(Config\Cache), false)
#10 C:\laragon\www\MusicPlayer\public\index.php(79): CodeIgniter\CodeIgniter->run()
#11 C:\laragon\www\MusicPlayer\system\Commands\Server\rewrite.php(47): require_once('C:\\laragon\\www\\...')
#12 {main}
CRITICAL - 2023-09-24 15:14:26 --> You have an error in your SQL syntax; check the manual that corresponds to your MySQL server version for the right syntax to use near 'LIKE '%%' ESCAPE '!'' at line 3
in SYSTEMPATH\Database\BaseConnection.php on line 646.
 1 SYSTEMPATH\Database\BaseBuilder.php(1615): CodeIgniter\Database\BaseConnection->query('SELECT *
FROM `music`
WHERE  LIKE :: ESCAPE \'!\'', [...], false)
 2 SYSTEMPATH\Model.php(237): CodeIgniter\Database\BaseBuilder->get()
 3 SYSTEMPATH\BaseModel.php(624): CodeIgniter\Model->doFindAll(0, 0)
 4 APPPATH\Controllers\MusicController.php(36): CodeIgniter\BaseModel->findAll()
 5 SYSTEMPATH\CodeIgniter.php(919): App\Controllers\MusicController->search_music()
 6 SYSTEMPATH\CodeIgniter.php(494): CodeIgniter\CodeIgniter->runController(Object(App\Controllers\MusicController))
 7 SYSTEMPATH\CodeIgniter.php(353): CodeIgniter\CodeIgniter->handleRequest(null, Object(Config\Cache), false)
 8 FCPATH\index.php(79): CodeIgniter\CodeIgniter->run()
 9 SYSTEMPATH\Commands\Server\rewrite.php(47): require_once('C:\\laragon\\www\\MusicPlayer\\public\\index.php')
CRITICAL - 2023-09-24 15:16:48 --> CodeIgniter\Database\BaseBuilder::like(): Argument #2 ($match) must be of type string, null given, called in C:\laragon\www\MusicPlayer\system\Model.php on line 871
in SYSTEMPATH\Database\BaseBuilder.php on line 983.
 1 SYSTEMPATH\Model.php(871): CodeIgniter\Database\BaseBuilder->like('title', null)
 2 APPPATH\Controllers\MusicController.php(36): CodeIgniter\Model->__call('like', [...])
 3 SYSTEMPATH\CodeIgniter.php(919): App\Controllers\MusicController->search_music()
 4 SYSTEMPATH\CodeIgniter.php(494): CodeIgniter\CodeIgniter->runController(Object(App\Controllers\MusicController))
 5 SYSTEMPATH\CodeIgniter.php(353): CodeIgniter\CodeIgniter->handleRequest(null, Object(Config\Cache), false)
 6 FCPATH\index.php(79): CodeIgniter\CodeIgniter->run()
 7 SYSTEMPATH\Commands\Server\rewrite.php(47): require_once('C:\\laragon\\www\\MusicPlayer\\public\\index.php')
CRITICAL - 2023-09-24 15:17:10 --> CodeIgniter\Database\BaseBuilder::like(): Argument #2 ($match) must be of type string, null given, called in C:\laragon\www\MusicPlayer\system\Model.php on line 871
in SYSTEMPATH\Database\BaseBuilder.php on line 983.
 1 SYSTEMPATH\Model.php(871): CodeIgniter\Database\BaseBuilder->like('title', null)
 2 APPPATH\Controllers\MusicController.php(36): CodeIgniter\Model->__call('like', [...])
 3 SYSTEMPATH\CodeIgniter.php(919): App\Controllers\MusicController->search_music()
 4 SYSTEMPATH\CodeIgniter.php(494): CodeIgniter\CodeIgniter->runController(Object(App\Controllers\MusicController))
 5 SYSTEMPATH\CodeIgniter.php(353): CodeIgniter\CodeIgniter->handleRequest(null, Object(Config\Cache), false)
 6 FCPATH\index.php(79): CodeIgniter\CodeIgniter->run()
 7 SYSTEMPATH\Commands\Server\rewrite.php(47): require_once('C:\\laragon\\www\\MusicPlayer\\public\\index.php')
ERROR - 2023-09-24 15:20:23 --> mysqli_sql_exception: Unknown column 'music_name' in 'where clause' in C:\laragon\www\MusicPlayer\system\Database\MySQLi\Connection.php:306
Stack trace:
#0 C:\laragon\www\MusicPlayer\system\Database\MySQLi\Connection.php(306): mysqli->query('SELECT *\nFROM `...', 0)
#1 C:\laragon\www\MusicPlayer\system\Database\BaseConnection.php(692): CodeIgniter\Database\MySQLi\Connection->execute('SELECT *\nFROM `...')
#2 C:\laragon\www\MusicPlayer\system\Database\BaseConnection.php(606): CodeIgniter\Database\BaseConnection->simpleQuery('SELECT *\nFROM `...')
#3 C:\laragon\www\MusicPlayer\system\Database\BaseBuilder.php(1615): CodeIgniter\Database\BaseConnection->query('SELECT *\nFROM `...', Array, false)
#4 C:\laragon\www\MusicPlayer\system\Model.php(237): CodeIgniter\Database\BaseBuilder->get()
#5 C:\laragon\www\MusicPlayer\system\BaseModel.php(624): CodeIgniter\Model->doFindAll(0, 0)
#6 C:\laragon\www\MusicPlayer\app\Controllers\MusicController.php(36): CodeIgniter\BaseModel->findAll()
#7 C:\laragon\www\MusicPlayer\system\CodeIgniter.php(919): App\Controllers\MusicController->search_music()
#8 C:\laragon\www\MusicPlayer\system\CodeIgniter.php(494): CodeIgniter\CodeIgniter->runController(Object(App\Controllers\MusicController))
#9 C:\laragon\www\MusicPlayer\system\CodeIgniter.php(353): CodeIgniter\CodeIgniter->handleRequest(NULL, Object(Config\Cache), false)
#10 C:\laragon\www\MusicPlayer\public\index.php(79): CodeIgniter\CodeIgniter->run()
#11 C:\laragon\www\MusicPlayer\system\Commands\Server\rewrite.php(47): require_once('C:\\laragon\\www\\...')
#12 {main}
CRITICAL - 2023-09-24 15:20:23 --> Unknown column 'music_name' in 'where clause'
in SYSTEMPATH\Database\BaseConnection.php on line 646.
 1 SYSTEMPATH\Database\BaseBuilder.php(1615): CodeIgniter\Database\BaseConnection->query('SELECT *
FROM `music`
WHERE `music_name` LIKE :music_name: ESCAPE \'!\'', [...], false)
 2 SYSTEMPATH\Model.php(237): CodeIgniter\Database\BaseBuilder->get()
 3 SYSTEMPATH\BaseModel.php(624): CodeIgniter\Model->doFindAll(0, 0)
 4 APPPATH\Controllers\MusicController.php(36): CodeIgniter\BaseModel->findAll()
 5 SYSTEMPATH\CodeIgniter.php(919): App\Controllers\MusicController->search_music()
 6 SYSTEMPATH\CodeIgniter.php(494): CodeIgniter\CodeIgniter->runController(Object(App\Controllers\MusicController))
 7 SYSTEMPATH\CodeIgniter.php(353): CodeIgniter\CodeIgniter->handleRequest(null, Object(Config\Cache), false)
 8 FCPATH\index.php(79): CodeIgniter\CodeIgniter->run()
 9 SYSTEMPATH\Commands\Server\rewrite.php(47): require_once('C:\\laragon\\www\\MusicPlayer\\public\\index.php')
